The target system is: Linux -  - 
The host system is: Linux - 5.3.0-62-generic - x86_64
Compiling the C compiler identification source file "CMakeCCompilerId.c" succeeded.
Compiler: /opt/mbient-sdk-x86_64/1.0/sysroots/x86_64-mbientsdk-linux/usr/bin/x86_64-mbient-linux/x86_64-mbient-linux-gcc 
Build flags: ;-m64;-march=core2;-mtune=core2;-msse3;-mfpmath=sse;--sysroot=/opt/mbient-sdk-x86_64/1.0/sysroots/core2-64-mbient-linux;-m64;-march=core2;-mtune=core2;-msse3;-mfpmath=sse;--sysroot=/opt/mbient-sdk-x86_64/1.0/sysroots/core2-64-mbient-linux
Id flags:  

The output was:
0


Compilation of the C compiler identification source "CMakeCCompilerId.c" produced "a.out"

The C compiler identification is GNU, found in "/home/avosipov/Desktop/draft/build/CMakeFiles/3.12.2/CompilerIdC/a.out"

Compiling the CXX compiler identification source file "CMakeCXXCompilerId.cpp" succeeded.
Compiler: /opt/mbient-sdk-x86_64/1.0/sysroots/x86_64-mbientsdk-linux/usr/bin/x86_64-mbient-linux/x86_64-mbient-linux-g++ 
Build flags: ;-m64;-march=core2;-mtune=core2;-msse3;-mfpmath=sse;;--sysroot=/opt/mbient-sdk-x86_64/1.0/sysroots/core2-64-mbient-linux;-m64;-march=core2;-mtune=core2;-msse3;-mfpmath=sse;;--sysroot=/opt/mbient-sdk-x86_64/1.0/sysroots/core2-64-mbient-linux
Id flags:  

The output was:
0


Compilation of the CXX compiler identification source "CMakeCXXCompilerId.cpp" produced "a.out"

The CXX compiler identification is GNU, found in "/home/avosipov/Desktop/draft/build/CMakeFiles/3.12.2/CompilerIdCXX/a.out"

Determining if the C compiler works passed with the following output:
Change Dir: /home/avosipov/Desktop/draft/build/CMakeFiles/CMakeTmp

Run Build Command:"/usr/bin/make" "cmTC_23e49/fast"
/usr/bin/make -f CMakeFiles/cmTC_23e49.dir/build.make CMakeFiles/cmTC_23e49.dir/build
make[1]: Entering directory '/home/avosipov/Desktop/draft/build/CMakeFiles/CMakeTmp'
Building C object CMakeFiles/cmTC_23e49.dir/testCCompiler.c.o
/opt/mbient-sdk-x86_64/1.0/sysroots/x86_64-mbientsdk-linux/usr/bin/x86_64-mbient-linux/x86_64-mbient-linux-gcc --sysroot=/opt/mbient-sdk-x86_64/1.0/sysroots/core2-64-mbient-linux   -m64 -march=core2 -mtune=core2 -msse3 -mfpmath=sse --sysroot=/opt/mbient-sdk-x86_64/1.0/sysroots/core2-64-mbient-linux -m64 -march=core2 -mtune=core2 -msse3 -mfpmath=sse --sysroot=/opt/mbient-sdk-x86_64/1.0/sysroots/core2-64-mbient-linux    -o CMakeFiles/cmTC_23e49.dir/testCCompiler.c.o   -c /home/avosipov/Desktop/draft/build/CMakeFiles/CMakeTmp/testCCompiler.c
Linking C executable cmTC_23e49
/opt/mbient-sdk-x86_64/1.0/sysroots/x86_64-mbientsdk-linux/usr/bin/cmake -E cmake_link_script CMakeFiles/cmTC_23e49.dir/link.txt --verbose=1
/opt/mbient-sdk-x86_64/1.0/sysroots/x86_64-mbientsdk-linux/usr/bin/x86_64-mbient-linux/x86_64-mbient-linux-gcc --sysroot=/opt/mbient-sdk-x86_64/1.0/sysroots/core2-64-mbient-linux  -m64 -march=core2 -mtune=core2 -msse3 -mfpmath=sse --sysroot=/opt/mbient-sdk-x86_64/1.0/sysroots/core2-64-mbient-linux -m64 -march=core2 -mtune=core2 -msse3 -mfpmath=sse --sysroot=/opt/mbient-sdk-x86_64/1.0/sysroots/core2-64-mbient-linux     CMakeFiles/cmTC_23e49.dir/testCCompiler.c.o  -o cmTC_23e49 
make[1]: Leaving directory '/home/avosipov/Desktop/draft/build/CMakeFiles/CMakeTmp'


Detecting C compiler ABI info compiled with the following output:
Change Dir: /home/avosipov/Desktop/draft/build/CMakeFiles/CMakeTmp

Run Build Command:"/usr/bin/make" "cmTC_b1cb0/fast"
/usr/bin/make -f CMakeFiles/cmTC_b1cb0.dir/build.make CMakeFiles/cmTC_b1cb0.dir/build
make[1]: Entering directory '/home/avosipov/Desktop/draft/build/CMakeFiles/CMakeTmp'
Building C object CMakeFiles/cmTC_b1cb0.dir/CMakeCCompilerABI.c.o
/opt/mbient-sdk-x86_64/1.0/sysroots/x86_64-mbientsdk-linux/usr/bin/x86_64-mbient-linux/x86_64-mbient-linux-gcc --sysroot=/opt/mbient-sdk-x86_64/1.0/sysroots/core2-64-mbient-linux   -m64 -march=core2 -mtune=core2 -msse3 -mfpmath=sse --sysroot=/opt/mbient-sdk-x86_64/1.0/sysroots/core2-64-mbient-linux -m64 -march=core2 -mtune=core2 -msse3 -mfpmath=sse --sysroot=/opt/mbient-sdk-x86_64/1.0/sysroots/core2-64-mbient-linux    -o CMakeFiles/cmTC_b1cb0.dir/CMakeCCompilerABI.c.o   -c /opt/mbient-sdk-x86_64/1.0/sysroots/x86_64-mbientsdk-linux/usr/share/cmake-3.12/Modules/CMakeCCompilerABI.c
Linking C executable cmTC_b1cb0
/opt/mbient-sdk-x86_64/1.0/sysroots/x86_64-mbientsdk-linux/usr/bin/cmake -E cmake_link_script CMakeFiles/cmTC_b1cb0.dir/link.txt --verbose=1
/opt/mbient-sdk-x86_64/1.0/sysroots/x86_64-mbientsdk-linux/usr/bin/x86_64-mbient-linux/x86_64-mbient-linux-gcc --sysroot=/opt/mbient-sdk-x86_64/1.0/sysroots/core2-64-mbient-linux  -m64 -march=core2 -mtune=core2 -msse3 -mfpmath=sse --sysroot=/opt/mbient-sdk-x86_64/1.0/sysroots/core2-64-mbient-linux -m64 -march=core2 -mtune=core2 -msse3 -mfpmath=sse --sysroot=/opt/mbient-sdk-x86_64/1.0/sysroots/core2-64-mbient-linux    -v CMakeFiles/cmTC_b1cb0.dir/CMakeCCompilerABI.c.o  -o cmTC_b1cb0 
Using built-in specs.
COLLECT_GCC=/opt/mbient-sdk-x86_64/1.0/sysroots/x86_64-mbientsdk-linux/usr/bin/x86_64-mbient-linux/x86_64-mbient-linux-gcc
COLLECT_LTO_WRAPPER=/opt/mbient-sdk-x86_64/1.0/sysroots/x86_64-mbientsdk-linux/usr/libexec/x86_64-mbient-linux/gcc/x86_64-mbient-linux/8.2.0/lto-wrapper
Target: x86_64-mbient-linux
Configured with: ../../../../../../work-shared/gcc-8.2.0-r0/gcc-8.2.0/configure --build=x86_64-linux --host=x86_64-mbientsdk-linux --target=x86_64-mbient-linux --prefix=/opt/mbient-sdk-x86_64/1.0/sysroots/x86_64-mbientsdk-linux/usr --exec_prefix=/opt/mbient-sdk-x86_64/1.0/sysroots/x86_64-mbientsdk-linux/usr --bindir=/opt/mbient-sdk-x86_64/1.0/sysroots/x86_64-mbientsdk-linux/usr/bin/x86_64-mbient-linux --sbindir=/opt/mbient-sdk-x86_64/1.0/sysroots/x86_64-mbientsdk-linux/usr/bin/x86_64-mbient-linux --libexecdir=/opt/mbient-sdk-x86_64/1.0/sysroots/x86_64-mbientsdk-linux/usr/libexec/x86_64-mbient-linux --datadir=/opt/mbient-sdk-x86_64/1.0/sysroots/x86_64-mbientsdk-linux/usr/share --sysconfdir=/opt/mbient-sdk-x86_64/1.0/sysroots/x86_64-mbientsdk-linux/etc --sharedstatedir=/opt/mbient-sdk-x86_64/1.0/sysroots/x86_64-mbientsdk-linux/com --localstatedir=/opt/mbient-sdk-x86_64/1.0/sysroots/x86_64-mbientsdk-linux/var --libdir=/opt/mbient-sdk-x86_64/1.0/sysroots/x86_64-mbientsdk-linux/usr/lib/x86_64-mbient-linux --includedir=/opt/mbient-sdk-x86_64/1.0/sysroots/x86_64-mbientsdk-linux/usr/include --oldincludedir=/opt/mbient-sdk-x86_64/1.0/sysroots/x86_64-mbientsdk-linux/usr/include --infodir=/opt/mbient-sdk-x86_64/1.0/sysroots/x86_64-mbientsdk-linux/usr/share/info --mandir=/opt/mbient-sdk-x86_64/1.0/sysroots/x86_64-mbientsdk-linux/usr/share/man --disable-silent-rules --disable-dependency-tracking --with-libtool-sysroot=/data/jenkins/workspace/e0_mbient.yocto.mbient-manifests.thud.promote/pelux_yocto/build/tmp/work/x86_64-nativesdk-mbientsdk-linux/gcc-cross-canadian-x86-64/8.2.0-r0/recipe-sysroot --with-gnu-ld --enable-shared --enable-languages=c,c++ --enable-threads=posix --enable-multilib --enable-default-pie --enable-c99 --enable-long-long --enable-symvers=gnu --enable-libstdcxx-pch --program-prefix=x86_64-mbient-linux- --without-local-prefix --enable-lto --disable-libssp --enable-libitm --disable-bootstrap --disable-libmudflap --with-system-zlib --with-linker-hash-style=gnu --enable-linker-build-id --with-ppl=no --with-cloog=no --enable-checking=release --enable-cheaders=c_global --without-isl --with-gxx-include-dir=/not/exist/usr/include/c++/8.2.0 --with-build-time-tools=/data/jenkins/workspace/e0_mbient.yocto.mbient-manifests.thud.promote/pelux_yocto/build/tmp/work/x86_64-nativesdk-mbientsdk-linux/gcc-cross-canadian-x86-64/8.2.0-r0/recipe-sysroot-native/usr/x86_64-mbient-linux/bin --with-sysroot=/not/exist --with-build-sysroot=/data/jenkins/workspace/e0_mbient.yocto.mbient-manifests.thud.promote/pelux_yocto/build/tmp/work/x86_64-nativesdk-mbientsdk-linux/gcc-cross-canadian-x86-64/8.2.0-r0/recipe-sysroot --without-long-double-128 libgcc_cv_powerpc_float128=no --enable-poison-system-directories --disable-static --enable-nls --enable-initfini-array --enable-__cxa_atexit
Thread model: posix
gcc version 8.2.0 (GCC) 
COMPILER_PATH=/opt/mbient-sdk-x86_64/1.0/sysroots/x86_64-mbientsdk-linux/usr/libexec/x86_64-mbient-linux/gcc/x86_64-mbient-linux/8.2.0/:/opt/mbient-sdk-x86_64/1.0/sysroots/x86_64-mbientsdk-linux/usr/libexec/x86_64-mbient-linux/gcc/x86_64-mbient-linux/8.2.0/:/opt/mbient-sdk-x86_64/1.0/sysroots/x86_64-mbientsdk-linux/usr/libexec/x86_64-mbient-linux/gcc/x86_64-mbient-linux/:/opt/mbient-sdk-x86_64/1.0/sysroots/x86_64-mbientsdk-linux/usr/lib/x86_64-mbient-linux/gcc/x86_64-mbient-linux/8.2.0/:/opt/mbient-sdk-x86_64/1.0/sysroots/x86_64-mbientsdk-linux/usr/lib/x86_64-mbient-linux/gcc/x86_64-mbient-linux/
LIBRARY_PATH=/opt/mbient-sdk-x86_64/1.0/sysroots/x86_64-mbientsdk-linux/usr/lib/x86_64-mbient-linux/gcc/x86_64-mbient-linux/8.2.0/:/opt/mbient-sdk-x86_64/1.0/sysroots/core2-64-mbient-linux/lib/../lib/:/opt/mbient-sdk-x86_64/1.0/sysroots/core2-64-mbient-linux/usr/lib/../lib/x86_64-mbient-linux/8.2.0/:/opt/mbient-sdk-x86_64/1.0/sysroots/core2-64-mbient-linux/usr/lib/x86_64-mbient-linux/8.2.0/:/opt/mbient-sdk-x86_64/1.0/sysroots/core2-64-mbient-linux/usr/lib/../lib/:/opt/mbient-sdk-x86_64/1.0/sysroots/core2-64-mbient-linux/lib/:/opt/mbient-sdk-x86_64/1.0/sysroots/core2-64-mbient-linux/usr/lib/
COLLECT_GCC_OPTIONS='--sysroot=/opt/mbient-sdk-x86_64/1.0/sysroots/core2-64-mbient-linux' '-march=core2' '-mtune=core2' '-mfpmath=sse' '-m64' '-march=core2' '-mtune=core2' '-msse3' '-mfpmath=sse' '-v' '-o' 'cmTC_b1cb0'
 /opt/mbient-sdk-x86_64/1.0/sysroots/x86_64-mbientsdk-linux/usr/libexec/x86_64-mbient-linux/gcc/x86_64-mbient-linux/8.2.0/collect2 -plugin /opt/mbient-sdk-x86_64/1.0/sysroots/x86_64-mbientsdk-linux/usr/libexec/x86_64-mbient-linux/gcc/x86_64-mbient-linux/8.2.0/liblto_plugin.so -plugin-opt=/opt/mbient-sdk-x86_64/1.0/sysroots/x86_64-mbientsdk-linux/usr/libexec/x86_64-mbient-linux/gcc/x86_64-mbient-linux/8.2.0/lto-wrapper -plugin-opt=-fresolution=/tmp/ccwbcc6c.res -plugin-opt=-pass-through=-lgcc -plugin-opt=-pass-through=-lgcc_s -plugin-opt=-pass-through=-lc -plugin-opt=-pass-through=-lgcc -plugin-opt=-pass-through=-lgcc_s --sysroot=/opt/mbient-sdk-x86_64/1.0/sysroots/core2-64-mbient-linux --build-id --eh-frame-hdr --hash-style=gnu -m elf_x86_64 -dynamic-linker /lib/ld-linux-x86-64.so.2 -pie -o cmTC_b1cb0 /opt/mbient-sdk-x86_64/1.0/sysroots/core2-64-mbient-linux/usr/lib/../lib/Scrt1.o /opt/mbient-sdk-x86_64/1.0/sysroots/core2-64-mbient-linux/usr/lib/../lib/crti.o /opt/mbient-sdk-x86_64/1.0/sysroots/core2-64-mbient-linux/usr/lib/../lib/x86_64-mbient-linux/8.2.0/crtbeginS.o -L/opt/mbient-sdk-x86_64/1.0/sysroots/x86_64-mbientsdk-linux/usr/lib/x86_64-mbient-linux/gcc/x86_64-mbient-linux/8.2.0 -L/opt/mbient-sdk-x86_64/1.0/sysroots/core2-64-mbient-linux/lib/../lib -L/opt/mbient-sdk-x86_64/1.0/sysroots/core2-64-mbient-linux/usr/lib/../lib/x86_64-mbient-linux/8.2.0 -L/opt/mbient-sdk-x86_64/1.0/sysroots/core2-64-mbient-linux/usr/lib/x86_64-mbient-linux/8.2.0 -L/opt/mbient-sdk-x86_64/1.0/sysroots/core2-64-mbient-linux/usr/lib/../lib -L/opt/mbient-sdk-x86_64/1.0/sysroots/core2-64-mbient-linux/lib -L/opt/mbient-sdk-x86_64/1.0/sysroots/core2-64-mbient-linux/usr/lib CMakeFiles/cmTC_b1cb0.dir/CMakeCCompilerABI.c.o -lgcc --as-needed -lgcc_s --no-as-needed -lc -lgcc --as-needed -lgcc_s --no-as-needed /opt/mbient-sdk-x86_64/1.0/sysroots/core2-64-mbient-linux/usr/lib/../lib/x86_64-mbient-linux/8.2.0/crtendS.o /opt/mbient-sdk-x86_64/1.0/sysroots/core2-64-mbient-linux/usr/lib/../lib/crtn.o
COLLECT_GCC_OPTIONS='--sysroot=/opt/mbient-sdk-x86_64/1.0/sysroots/core2-64-mbient-linux' '-march=core2' '-mtune=core2' '-mfpmath=sse' '-m64' '-march=core2' '-mtune=core2' '-msse3' '-mfpmath=sse' '-v' '-o' 'cmTC_b1cb0'
make[1]: Leaving directory '/home/avosipov/Desktop/draft/build/CMakeFiles/CMakeTmp'


Parsed C implicit link information from above output:
  link line regex: [^( *|.*[/\])(x86_64-mbient-linux-ld|CMAKE_LINK_STARTFILE-NOTFOUND|([^/\]+-)?ld|collect2)[^/\]*( |$)]
  ignore line: [Change Dir: /home/avosipov/Desktop/draft/build/CMakeFiles/CMakeTmp]
  ignore line: []
  ignore line: [Run Build Command:"/usr/bin/make" "cmTC_b1cb0/fast"]
  ignore line: [/usr/bin/make -f CMakeFiles/cmTC_b1cb0.dir/build.make CMakeFiles/cmTC_b1cb0.dir/build]
  ignore line: [make[1]: Entering directory '/home/avosipov/Desktop/draft/build/CMakeFiles/CMakeTmp']
  ignore line: [Building C object CMakeFiles/cmTC_b1cb0.dir/CMakeCCompilerABI.c.o]
  ignore line: [/opt/mbient-sdk-x86_64/1.0/sysroots/x86_64-mbientsdk-linux/usr/bin/x86_64-mbient-linux/x86_64-mbient-linux-gcc --sysroot=/opt/mbient-sdk-x86_64/1.0/sysroots/core2-64-mbient-linux   -m64 -march=core2 -mtune=core2 -msse3 -mfpmath=sse --sysroot=/opt/mbient-sdk-x86_64/1.0/sysroots/core2-64-mbient-linux -m64 -march=core2 -mtune=core2 -msse3 -mfpmath=sse --sysroot=/opt/mbient-sdk-x86_64/1.0/sysroots/core2-64-mbient-linux    -o CMakeFiles/cmTC_b1cb0.dir/CMakeCCompilerABI.c.o   -c /opt/mbient-sdk-x86_64/1.0/sysroots/x86_64-mbientsdk-linux/usr/share/cmake-3.12/Modules/CMakeCCompilerABI.c]
  ignore line: [Linking C executable cmTC_b1cb0]
  ignore line: [/opt/mbient-sdk-x86_64/1.0/sysroots/x86_64-mbientsdk-linux/usr/bin/cmake -E cmake_link_script CMakeFiles/cmTC_b1cb0.dir/link.txt --verbose=1]
  ignore line: [/opt/mbient-sdk-x86_64/1.0/sysroots/x86_64-mbientsdk-linux/usr/bin/x86_64-mbient-linux/x86_64-mbient-linux-gcc --sysroot=/opt/mbient-sdk-x86_64/1.0/sysroots/core2-64-mbient-linux  -m64 -march=core2 -mtune=core2 -msse3 -mfpmath=sse --sysroot=/opt/mbient-sdk-x86_64/1.0/sysroots/core2-64-mbient-linux -m64 -march=core2 -mtune=core2 -msse3 -mfpmath=sse --sysroot=/opt/mbient-sdk-x86_64/1.0/sysroots/core2-64-mbient-linux    -v CMakeFiles/cmTC_b1cb0.dir/CMakeCCompilerABI.c.o  -o cmTC_b1cb0 ]
  ignore line: [Using built-in specs.]
  ignore line: [COLLECT_GCC=/opt/mbient-sdk-x86_64/1.0/sysroots/x86_64-mbientsdk-linux/usr/bin/x86_64-mbient-linux/x86_64-mbient-linux-gcc]
  ignore line: [COLLECT_LTO_WRAPPER=/opt/mbient-sdk-x86_64/1.0/sysroots/x86_64-mbientsdk-linux/usr/libexec/x86_64-mbient-linux/gcc/x86_64-mbient-linux/8.2.0/lto-wrapper]
  ignore line: [Target: x86_64-mbient-linux]
  ignore line: [Configured with: ../../../../../../work-shared/gcc-8.2.0-r0/gcc-8.2.0/configure --build=x86_64-linux --host=x86_64-mbientsdk-linux --target=x86_64-mbient-linux --prefix=/opt/mbient-sdk-x86_64/1.0/sysroots/x86_64-mbientsdk-linux/usr --exec_prefix=/opt/mbient-sdk-x86_64/1.0/sysroots/x86_64-mbientsdk-linux/usr --bindir=/opt/mbient-sdk-x86_64/1.0/sysroots/x86_64-mbientsdk-linux/usr/bin/x86_64-mbient-linux --sbindir=/opt/mbient-sdk-x86_64/1.0/sysroots/x86_64-mbientsdk-linux/usr/bin/x86_64-mbient-linux --libexecdir=/opt/mbient-sdk-x86_64/1.0/sysroots/x86_64-mbientsdk-linux/usr/libexec/x86_64-mbient-linux --datadir=/opt/mbient-sdk-x86_64/1.0/sysroots/x86_64-mbientsdk-linux/usr/share --sysconfdir=/opt/mbient-sdk-x86_64/1.0/sysroots/x86_64-mbientsdk-linux/etc --sharedstatedir=/opt/mbient-sdk-x86_64/1.0/sysroots/x86_64-mbientsdk-linux/com --localstatedir=/opt/mbient-sdk-x86_64/1.0/sysroots/x86_64-mbientsdk-linux/var --libdir=/opt/mbient-sdk-x86_64/1.0/sysroots/x86_64-mbientsdk-linux/usr/lib/x86_64-mbient-linux --includedir=/opt/mbient-sdk-x86_64/1.0/sysroots/x86_64-mbientsdk-linux/usr/include --oldincludedir=/opt/mbient-sdk-x86_64/1.0/sysroots/x86_64-mbientsdk-linux/usr/include --infodir=/opt/mbient-sdk-x86_64/1.0/sysroots/x86_64-mbientsdk-linux/usr/share/info --mandir=/opt/mbient-sdk-x86_64/1.0/sysroots/x86_64-mbientsdk-linux/usr/share/man --disable-silent-rules --disable-dependency-tracking --with-libtool-sysroot=/data/jenkins/workspace/e0_mbient.yocto.mbient-manifests.thud.promote/pelux_yocto/build/tmp/work/x86_64-nativesdk-mbientsdk-linux/gcc-cross-canadian-x86-64/8.2.0-r0/recipe-sysroot --with-gnu-ld --enable-shared --enable-languages=c,c++ --enable-threads=posix --enable-multilib --enable-default-pie --enable-c99 --enable-long-long --enable-symvers=gnu --enable-libstdcxx-pch --program-prefix=x86_64-mbient-linux- --without-local-prefix --enable-lto --disable-libssp --enable-libitm --disable-bootstrap --disable-libmudflap --with-system-zlib --with-linker-hash-style=gnu --enable-linker-build-id --with-ppl=no --with-cloog=no --enable-checking=release --enable-cheaders=c_global --without-isl --with-gxx-include-dir=/not/exist/usr/include/c++/8.2.0 --with-build-time-tools=/data/jenkins/workspace/e0_mbient.yocto.mbient-manifests.thud.promote/pelux_yocto/build/tmp/work/x86_64-nativesdk-mbientsdk-linux/gcc-cross-canadian-x86-64/8.2.0-r0/recipe-sysroot-native/usr/x86_64-mbient-linux/bin --with-sysroot=/not/exist --with-build-sysroot=/data/jenkins/workspace/e0_mbient.yocto.mbient-manifests.thud.promote/pelux_yocto/build/tmp/work/x86_64-nativesdk-mbientsdk-linux/gcc-cross-canadian-x86-64/8.2.0-r0/recipe-sysroot --without-long-double-128 libgcc_cv_powerpc_float128=no --enable-poison-system-directories --disable-static --enable-nls --enable-initfini-array --enable-__cxa_atexit]
  ignore line: [Thread model: posix]
  ignore line: [gcc version 8.2.0 (GCC) ]
  ignore line: [COMPILER_PATH=/opt/mbient-sdk-x86_64/1.0/sysroots/x86_64-mbientsdk-linux/usr/libexec/x86_64-mbient-linux/gcc/x86_64-mbient-linux/8.2.0/:/opt/mbient-sdk-x86_64/1.0/sysroots/x86_64-mbientsdk-linux/usr/libexec/x86_64-mbient-linux/gcc/x86_64-mbient-linux/8.2.0/:/opt/mbient-sdk-x86_64/1.0/sysroots/x86_64-mbientsdk-linux/usr/libexec/x86_64-mbient-linux/gcc/x86_64-mbient-linux/:/opt/mbient-sdk-x86_64/1.0/sysroots/x86_64-mbientsdk-linux/usr/lib/x86_64-mbient-linux/gcc/x86_64-mbient-linux/8.2.0/:/opt/mbient-sdk-x86_64/1.0/sysroots/x86_64-mbientsdk-linux/usr/lib/x86_64-mbient-linux/gcc/x86_64-mbient-linux/]
  ignore line: [LIBRARY_PATH=/opt/mbient-sdk-x86_64/1.0/sysroots/x86_64-mbientsdk-linux/usr/lib/x86_64-mbient-linux/gcc/x86_64-mbient-linux/8.2.0/:/opt/mbient-sdk-x86_64/1.0/sysroots/core2-64-mbient-linux/lib/../lib/:/opt/mbient-sdk-x86_64/1.0/sysroots/core2-64-mbient-linux/usr/lib/../lib/x86_64-mbient-linux/8.2.0/:/opt/mbient-sdk-x86_64/1.0/sysroots/core2-64-mbient-linux/usr/lib/x86_64-mbient-linux/8.2.0/:/opt/mbient-sdk-x86_64/1.0/sysroots/core2-64-mbient-linux/usr/lib/../lib/:/opt/mbient-sdk-x86_64/1.0/sysroots/core2-64-mbient-linux/lib/:/opt/mbient-sdk-x86_64/1.0/sysroots/core2-64-mbient-linux/usr/lib/]
  ignore line: [COLLECT_GCC_OPTIONS='--sysroot=/opt/mbient-sdk-x86_64/1.0/sysroots/core2-64-mbient-linux' '-march=core2' '-mtune=core2' '-mfpmath=sse' '-m64' '-march=core2' '-mtune=core2' '-msse3' '-mfpmath=sse' '-v' '-o' 'cmTC_b1cb0']
  link line: [ /opt/mbient-sdk-x86_64/1.0/sysroots/x86_64-mbientsdk-linux/usr/libexec/x86_64-mbient-linux/gcc/x86_64-mbient-linux/8.2.0/collect2 -plugin /opt/mbient-sdk-x86_64/1.0/sysroots/x86_64-mbientsdk-linux/usr/libexec/x86_64-mbient-linux/gcc/x86_64-mbient-linux/8.2.0/liblto_plugin.so -plugin-opt=/opt/mbient-sdk-x86_64/1.0/sysroots/x86_64-mbientsdk-linux/usr/libexec/x86_64-mbient-linux/gcc/x86_64-mbient-linux/8.2.0/lto-wrapper -plugin-opt=-fresolution=/tmp/ccwbcc6c.res -plugin-opt=-pass-through=-lgcc -plugin-opt=-pass-through=-lgcc_s -plugin-opt=-pass-through=-lc -plugin-opt=-pass-through=-lgcc -plugin-opt=-pass-through=-lgcc_s --sysroot=/opt/mbient-sdk-x86_64/1.0/sysroots/core2-64-mbient-linux --build-id --eh-frame-hdr --hash-style=gnu -m elf_x86_64 -dynamic-linker /lib/ld-linux-x86-64.so.2 -pie -o cmTC_b1cb0 /opt/mbient-sdk-x86_64/1.0/sysroots/core2-64-mbient-linux/usr/lib/../lib/Scrt1.o /opt/mbient-sdk-x86_64/1.0/sysroots/core2-64-mbient-linux/usr/lib/../lib/crti.o /opt/mbient-sdk-x86_64/1.0/sysroots/core2-64-mbient-linux/usr/lib/../lib/x86_64-mbient-linux/8.2.0/crtbeginS.o -L/opt/mbient-sdk-x86_64/1.0/sysroots/x86_64-mbientsdk-linux/usr/lib/x86_64-mbient-linux/gcc/x86_64-mbient-linux/8.2.0 -L/opt/mbient-sdk-x86_64/1.0/sysroots/core2-64-mbient-linux/lib/../lib -L/opt/mbient-sdk-x86_64/1.0/sysroots/core2-64-mbient-linux/usr/lib/../lib/x86_64-mbient-linux/8.2.0 -L/opt/mbient-sdk-x86_64/1.0/sysroots/core2-64-mbient-linux/usr/lib/x86_64-mbient-linux/8.2.0 -L/opt/mbient-sdk-x86_64/1.0/sysroots/core2-64-mbient-linux/usr/lib/../lib -L/opt/mbient-sdk-x86_64/1.0/sysroots/core2-64-mbient-linux/lib -L/opt/mbient-sdk-x86_64/1.0/sysroots/core2-64-mbient-linux/usr/lib CMakeFiles/cmTC_b1cb0.dir/CMakeCCompilerABI.c.o -lgcc --as-needed -lgcc_s --no-as-needed -lc -lgcc --as-needed -lgcc_s --no-as-needed /opt/mbient-sdk-x86_64/1.0/sysroots/core2-64-mbient-linux/usr/lib/../lib/x86_64-mbient-linux/8.2.0/crtendS.o /opt/mbient-sdk-x86_64/1.0/sysroots/core2-64-mbient-linux/usr/lib/../lib/crtn.o]
    arg [/opt/mbient-sdk-x86_64/1.0/sysroots/x86_64-mbientsdk-linux/usr/libexec/x86_64-mbient-linux/gcc/x86_64-mbient-linux/8.2.0/collect2] ==> ignore
    arg [-plugin] ==> ignore
    arg [/opt/mbient-sdk-x86_64/1.0/sysroots/x86_64-mbientsdk-linux/usr/libexec/x86_64-mbient-linux/gcc/x86_64-mbient-linux/8.2.0/liblto_plugin.so] ==> ignore
    arg [-plugin-opt=/opt/mbient-sdk-x86_64/1.0/sysroots/x86_64-mbientsdk-linux/usr/libexec/x86_64-mbient-linux/gcc/x86_64-mbient-linux/8.2.0/lto-wrapper] ==> ignore
    arg [-plugin-opt=-fresolution=/tmp/ccwbcc6c.res] ==> ignore
    arg [-plugin-opt=-pass-through=-lgcc] ==> ignore
    arg [-plugin-opt=-pass-through=-lgcc_s] ==> ignore
    arg [-plugin-opt=-pass-through=-lc] ==> ignore
    arg [-plugin-opt=-pass-through=-lgcc] ==> ignore
    arg [-plugin-opt=-pass-through=-lgcc_s] ==> ignore
    arg [--sysroot=/opt/mbient-sdk-x86_64/1.0/sysroots/core2-64-mbient-linux] ==> ignore
    arg [--build-id] ==> ignore
    arg [--eh-frame-hdr] ==> ignore
    arg [--hash-style=gnu] ==> ignore
    arg [-m] ==> ignore
    arg [elf_x86_64] ==> ignore
    arg [-dynamic-linker] ==> ignore
    arg [/lib/ld-linux-x86-64.so.2] ==> ignore
    arg [-pie] ==> ignore
    arg [-o] ==> ignore
    arg [cmTC_b1cb0] ==> ignore
    arg [/opt/mbient-sdk-x86_64/1.0/sysroots/core2-64-mbient-linux/usr/lib/../lib/Scrt1.o] ==> ignore
    arg [/opt/mbient-sdk-x86_64/1.0/sysroots/core2-64-mbient-linux/usr/lib/../lib/crti.o] ==> ignore
    arg [/opt/mbient-sdk-x86_64/1.0/sysroots/core2-64-mbient-linux/usr/lib/../lib/x86_64-mbient-linux/8.2.0/crtbeginS.o] ==> ignore
    arg [-L/opt/mbient-sdk-x86_64/1.0/sysroots/x86_64-mbientsdk-linux/usr/lib/x86_64-mbient-linux/gcc/x86_64-mbient-linux/8.2.0] ==> dir [/opt/mbient-sdk-x86_64/1.0/sysroots/x86_64-mbientsdk-linux/usr/lib/x86_64-mbient-linux/gcc/x86_64-mbient-linux/8.2.0]
    arg [-L/opt/mbient-sdk-x86_64/1.0/sysroots/core2-64-mbient-linux/lib/../lib] ==> dir [/opt/mbient-sdk-x86_64/1.0/sysroots/core2-64-mbient-linux/lib/../lib]
    arg [-L/opt/mbient-sdk-x86_64/1.0/sysroots/core2-64-mbient-linux/usr/lib/../lib/x86_64-mbient-linux/8.2.0] ==> dir [/opt/mbient-sdk-x86_64/1.0/sysroots/core2-64-mbient-linux/usr/lib/../lib/x86_64-mbient-linux/8.2.0]
    arg [-L/opt/mbient-sdk-x86_64/1.0/sysroots/core2-64-mbient-linux/usr/lib/x86_64-mbient-linux/8.2.0] ==> dir [/opt/mbient-sdk-x86_64/1.0/sysroots/core2-64-mbient-linux/usr/lib/x86_64-mbient-linux/8.2.0]
    arg [-L/opt/mbient-sdk-x86_64/1.0/sysroots/core2-64-mbient-linux/usr/lib/../lib] ==> dir [/opt/mbient-sdk-x86_64/1.0/sysroots/core2-64-mbient-linux/usr/lib/../lib]
    arg [-L/opt/mbient-sdk-x86_64/1.0/sysroots/core2-64-mbient-linux/lib] ==> dir [/opt/mbient-sdk-x86_64/1.0/sysroots/core2-64-mbient-linux/lib]
    arg [-L/opt/mbient-sdk-x86_64/1.0/sysroots/core2-64-mbient-linux/usr/lib] ==> dir [/opt/mbient-sdk-x86_64/1.0/sysroots/core2-64-mbient-linux/usr/lib]
    arg [CMakeFiles/cmTC_b1cb0.dir/CMakeCCompilerABI.c.o] ==> ignore
    arg [-lgcc] ==> lib [gcc]
    arg [--as-needed] ==> ignore
    arg [-lgcc_s] ==> lib [gcc_s]
    arg [--no-as-needed] ==> ignore
    arg [-lc] ==> lib [c]
    arg [-lgcc] ==> lib [gcc]
    arg [--as-needed] ==> ignore
    arg [-lgcc_s] ==> lib [gcc_s]
    arg [--no-as-needed] ==> ignore
    arg [/opt/mbient-sdk-x86_64/1.0/sysroots/core2-64-mbient-linux/usr/lib/../lib/x86_64-mbient-linux/8.2.0/crtendS.o] ==> ignore
    arg [/opt/mbient-sdk-x86_64/1.0/sysroots/core2-64-mbient-linux/usr/lib/../lib/crtn.o] ==> ignore
  collapse library dir [/opt/mbient-sdk-x86_64/1.0/sysroots/x86_64-mbientsdk-linux/usr/lib/x86_64-mbient-linux/gcc/x86_64-mbient-linux/8.2.0] ==> [/opt/mbient-sdk-x86_64/1.0/sysroots/x86_64-mbientsdk-linux/usr/lib/x86_64-mbient-linux/gcc/x86_64-mbient-linux/8.2.0]
  collapse library dir [/opt/mbient-sdk-x86_64/1.0/sysroots/core2-64-mbient-linux/lib/../lib] ==> [/opt/mbient-sdk-x86_64/1.0/sysroots/core2-64-mbient-linux/lib]
  collapse library dir [/opt/mbient-sdk-x86_64/1.0/sysroots/core2-64-mbient-linux/usr/lib/../lib/x86_64-mbient-linux/8.2.0] ==> [/opt/mbient-sdk-x86_64/1.0/sysroots/core2-64-mbient-linux/usr/lib/x86_64-mbient-linux/8.2.0]
  collapse library dir [/opt/mbient-sdk-x86_64/1.0/sysroots/core2-64-mbient-linux/usr/lib/x86_64-mbient-linux/8.2.0] ==> [/opt/mbient-sdk-x86_64/1.0/sysroots/core2-64-mbient-linux/usr/lib/x86_64-mbient-linux/8.2.0]
  collapse library dir [/opt/mbient-sdk-x86_64/1.0/sysroots/core2-64-mbient-linux/usr/lib/../lib] ==> [/opt/mbient-sdk-x86_64/1.0/sysroots/core2-64-mbient-linux/usr/lib]
  collapse library dir [/opt/mbient-sdk-x86_64/1.0/sysroots/core2-64-mbient-linux/lib] ==> [/opt/mbient-sdk-x86_64/1.0/sysroots/core2-64-mbient-linux/lib]
  collapse library dir [/opt/mbient-sdk-x86_64/1.0/sysroots/core2-64-mbient-linux/usr/lib] ==> [/opt/mbient-sdk-x86_64/1.0/sysroots/core2-64-mbient-linux/usr/lib]
  implicit libs: [gcc;gcc_s;c;gcc;gcc_s]
  implicit dirs: [/opt/mbient-sdk-x86_64/1.0/sysroots/x86_64-mbientsdk-linux/usr/lib/x86_64-mbient-linux/gcc/x86_64-mbient-linux/8.2.0;/opt/mbient-sdk-x86_64/1.0/sysroots/core2-64-mbient-linux/lib;/opt/mbient-sdk-x86_64/1.0/sysroots/core2-64-mbient-linux/usr/lib/x86_64-mbient-linux/8.2.0;/opt/mbient-sdk-x86_64/1.0/sysroots/core2-64-mbient-linux/usr/lib]
  implicit fwks: []




Detecting C [-std=c11] compiler features compiled with the following output:
Change Dir: /home/avosipov/Desktop/draft/build/CMakeFiles/CMakeTmp

Run Build Command:"/usr/bin/make" "cmTC_117ed/fast"
/usr/bin/make -f CMakeFiles/cmTC_117ed.dir/build.make CMakeFiles/cmTC_117ed.dir/build
make[1]: Entering directory '/home/avosipov/Desktop/draft/build/CMakeFiles/CMakeTmp'
Building C object CMakeFiles/cmTC_117ed.dir/feature_tests.c.o
/opt/mbient-sdk-x86_64/1.0/sysroots/x86_64-mbientsdk-linux/usr/bin/x86_64-mbient-linux/x86_64-mbient-linux-gcc --sysroot=/opt/mbient-sdk-x86_64/1.0/sysroots/core2-64-mbient-linux   -m64 -march=core2 -mtune=core2 -msse3 -mfpmath=sse --sysroot=/opt/mbient-sdk-x86_64/1.0/sysroots/core2-64-mbient-linux -m64 -march=core2 -mtune=core2 -msse3 -mfpmath=sse --sysroot=/opt/mbient-sdk-x86_64/1.0/sysroots/core2-64-mbient-linux    -std=c11 -o CMakeFiles/cmTC_117ed.dir/feature_tests.c.o   -c /home/avosipov/Desktop/draft/build/CMakeFiles/feature_tests.c
Linking C executable cmTC_117ed
/opt/mbient-sdk-x86_64/1.0/sysroots/x86_64-mbientsdk-linux/usr/bin/cmake -E cmake_link_script CMakeFiles/cmTC_117ed.dir/link.txt --verbose=1
/opt/mbient-sdk-x86_64/1.0/sysroots/x86_64-mbientsdk-linux/usr/bin/x86_64-mbient-linux/x86_64-mbient-linux-gcc --sysroot=/opt/mbient-sdk-x86_64/1.0/sysroots/core2-64-mbient-linux  -m64 -march=core2 -mtune=core2 -msse3 -mfpmath=sse --sysroot=/opt/mbient-sdk-x86_64/1.0/sysroots/core2-64-mbient-linux -m64 -march=core2 -mtune=core2 -msse3 -mfpmath=sse --sysroot=/opt/mbient-sdk-x86_64/1.0/sysroots/core2-64-mbient-linux     CMakeFiles/cmTC_117ed.dir/feature_tests.c.o  -o cmTC_117ed 
make[1]: Leaving directory '/home/avosipov/Desktop/draft/build/CMakeFiles/CMakeTmp'


    Feature record: C_FEATURE:1c_function_prototypes
    Feature record: C_FEATURE:1c_restrict
    Feature record: C_FEATURE:1c_static_assert
    Feature record: C_FEATURE:1c_variadic_macros


Detecting C [-std=c99] compiler features compiled with the following output:
Change Dir: /home/avosipov/Desktop/draft/build/CMakeFiles/CMakeTmp

Run Build Command:"/usr/bin/make" "cmTC_82f0c/fast"
/usr/bin/make -f CMakeFiles/cmTC_82f0c.dir/build.make CMakeFiles/cmTC_82f0c.dir/build
make[1]: Entering directory '/home/avosipov/Desktop/draft/build/CMakeFiles/CMakeTmp'
Building C object CMakeFiles/cmTC_82f0c.dir/feature_tests.c.o
/opt/mbient-sdk-x86_64/1.0/sysroots/x86_64-mbientsdk-linux/usr/bin/x86_64-mbient-linux/x86_64-mbient-linux-gcc --sysroot=/opt/mbient-sdk-x86_64/1.0/sysroots/core2-64-mbient-linux   -m64 -march=core2 -mtune=core2 -msse3 -mfpmath=sse --sysroot=/opt/mbient-sdk-x86_64/1.0/sysroots/core2-64-mbient-linux -m64 -march=core2 -mtune=core2 -msse3 -mfpmath=sse --sysroot=/opt/mbient-sdk-x86_64/1.0/sysroots/core2-64-mbient-linux    -std=c99 -o CMakeFiles/cmTC_82f0c.dir/feature_tests.c.o   -c /home/avosipov/Desktop/draft/build/CMakeFiles/feature_tests.c
Linking C executable cmTC_82f0c
/opt/mbient-sdk-x86_64/1.0/sysroots/x86_64-mbientsdk-linux/usr/bin/cmake -E cmake_link_script CMakeFiles/cmTC_82f0c.dir/link.txt --verbose=1
/opt/mbient-sdk-x86_64/1.0/sysroots/x86_64-mbientsdk-linux/usr/bin/x86_64-mbient-linux/x86_64-mbient-linux-gcc --sysroot=/opt/mbient-sdk-x86_64/1.0/sysroots/core2-64-mbient-linux  -m64 -march=core2 -mtune=core2 -msse3 -mfpmath=sse --sysroot=/opt/mbient-sdk-x86_64/1.0/sysroots/core2-64-mbient-linux -m64 -march=core2 -mtune=core2 -msse3 -mfpmath=sse --sysroot=/opt/mbient-sdk-x86_64/1.0/sysroots/core2-64-mbient-linux     CMakeFiles/cmTC_82f0c.dir/feature_tests.c.o  -o cmTC_82f0c 
make[1]: Leaving directory '/home/avosipov/Desktop/draft/build/CMakeFiles/CMakeTmp'


    Feature record: C_FEATURE:1c_function_prototypes
    Feature record: C_FEATURE:1c_restrict
    Feature record: C_FEATURE:0c_static_assert
    Feature record: C_FEATURE:1c_variadic_macros


Detecting C [-std=c90] compiler features compiled with the following output:
Change Dir: /home/avosipov/Desktop/draft/build/CMakeFiles/CMakeTmp

Run Build Command:"/usr/bin/make" "cmTC_f5896/fast"
/usr/bin/make -f CMakeFiles/cmTC_f5896.dir/build.make CMakeFiles/cmTC_f5896.dir/build
make[1]: Entering directory '/home/avosipov/Desktop/draft/build/CMakeFiles/CMakeTmp'
Building C object CMakeFiles/cmTC_f5896.dir/feature_tests.c.o
/opt/mbient-sdk-x86_64/1.0/sysroots/x86_64-mbientsdk-linux/usr/bin/x86_64-mbient-linux/x86_64-mbient-linux-gcc --sysroot=/opt/mbient-sdk-x86_64/1.0/sysroots/core2-64-mbient-linux   -m64 -march=core2 -mtune=core2 -msse3 -mfpmath=sse --sysroot=/opt/mbient-sdk-x86_64/1.0/sysroots/core2-64-mbient-linux -m64 -march=core2 -mtune=core2 -msse3 -mfpmath=sse --sysroot=/opt/mbient-sdk-x86_64/1.0/sysroots/core2-64-mbient-linux    -std=c90 -o CMakeFiles/cmTC_f5896.dir/feature_tests.c.o   -c /home/avosipov/Desktop/draft/build/CMakeFiles/feature_tests.c
Linking C executable cmTC_f5896
/opt/mbient-sdk-x86_64/1.0/sysroots/x86_64-mbientsdk-linux/usr/bin/cmake -E cmake_link_script CMakeFiles/cmTC_f5896.dir/link.txt --verbose=1
/opt/mbient-sdk-x86_64/1.0/sysroots/x86_64-mbientsdk-linux/usr/bin/x86_64-mbient-linux/x86_64-mbient-linux-gcc --sysroot=/opt/mbient-sdk-x86_64/1.0/sysroots/core2-64-mbient-linux  -m64 -march=core2 -mtune=core2 -msse3 -mfpmath=sse --sysroot=/opt/mbient-sdk-x86_64/1.0/sysroots/core2-64-mbient-linux -m64 -march=core2 -mtune=core2 -msse3 -mfpmath=sse --sysroot=/opt/mbient-sdk-x86_64/1.0/sysroots/core2-64-mbient-linux     CMakeFiles/cmTC_f5896.dir/feature_tests.c.o  -o cmTC_f5896 
make[1]: Leaving directory '/home/avosipov/Desktop/draft/build/CMakeFiles/CMakeTmp'


    Feature record: C_FEATURE:1c_function_prototypes
    Feature record: C_FEATURE:0c_restrict
    Feature record: C_FEATURE:0c_static_assert
    Feature record: C_FEATURE:0c_variadic_macros
Determining if the CXX compiler works passed with the following output:
Change Dir: /home/avosipov/Desktop/draft/build/CMakeFiles/CMakeTmp

Run Build Command:"/usr/bin/make" "cmTC_53b22/fast"
/usr/bin/make -f CMakeFiles/cmTC_53b22.dir/build.make CMakeFiles/cmTC_53b22.dir/build
make[1]: Entering directory '/home/avosipov/Desktop/draft/build/CMakeFiles/CMakeTmp'
Building CXX object CMakeFiles/cmTC_53b22.dir/testCXXCompiler.cxx.o
/opt/mbient-sdk-x86_64/1.0/sysroots/x86_64-mbientsdk-linux/usr/bin/x86_64-mbient-linux/x86_64-mbient-linux-g++ --sysroot=/opt/mbient-sdk-x86_64/1.0/sysroots/core2-64-mbient-linux    -m64 -march=core2 -mtune=core2 -msse3 -mfpmath=sse  --sysroot=/opt/mbient-sdk-x86_64/1.0/sysroots/core2-64-mbient-linux -m64 -march=core2 -mtune=core2 -msse3 -mfpmath=sse  --sysroot=/opt/mbient-sdk-x86_64/1.0/sysroots/core2-64-mbient-linux    -o CMakeFiles/cmTC_53b22.dir/testCXXCompiler.cxx.o -c /home/avosipov/Desktop/draft/build/CMakeFiles/CMakeTmp/testCXXCompiler.cxx
Linking CXX executable cmTC_53b22
/opt/mbient-sdk-x86_64/1.0/sysroots/x86_64-mbientsdk-linux/usr/bin/cmake -E cmake_link_script CMakeFiles/cmTC_53b22.dir/link.txt --verbose=1
/opt/mbient-sdk-x86_64/1.0/sysroots/x86_64-mbientsdk-linux/usr/bin/x86_64-mbient-linux/x86_64-mbient-linux-g++ --sysroot=/opt/mbient-sdk-x86_64/1.0/sysroots/core2-64-mbient-linux   -m64 -march=core2 -mtune=core2 -msse3 -mfpmath=sse  --sysroot=/opt/mbient-sdk-x86_64/1.0/sysroots/core2-64-mbient-linux -m64 -march=core2 -mtune=core2 -msse3 -mfpmath=sse  --sysroot=/opt/mbient-sdk-x86_64/1.0/sysroots/core2-64-mbient-linux     CMakeFiles/cmTC_53b22.dir/testCXXCompiler.cxx.o  -o cmTC_53b22 
make[1]: Leaving directory '/home/avosipov/Desktop/draft/build/CMakeFiles/CMakeTmp'


Detecting CXX compiler ABI info compiled with the following output:
Change Dir: /home/avosipov/Desktop/draft/build/CMakeFiles/CMakeTmp

Run Build Command:"/usr/bin/make" "cmTC_5fcee/fast"
/usr/bin/make -f CMakeFiles/cmTC_5fcee.dir/build.make CMakeFiles/cmTC_5fcee.dir/build
make[1]: Entering directory '/home/avosipov/Desktop/draft/build/CMakeFiles/CMakeTmp'
Building CXX object CMakeFiles/cmTC_5fcee.dir/CMakeCXXCompilerABI.cpp.o
/opt/mbient-sdk-x86_64/1.0/sysroots/x86_64-mbientsdk-linux/usr/bin/x86_64-mbient-linux/x86_64-mbient-linux-g++ --sysroot=/opt/mbient-sdk-x86_64/1.0/sysroots/core2-64-mbient-linux    -m64 -march=core2 -mtune=core2 -msse3 -mfpmath=sse  --sysroot=/opt/mbient-sdk-x86_64/1.0/sysroots/core2-64-mbient-linux -m64 -march=core2 -mtune=core2 -msse3 -mfpmath=sse  --sysroot=/opt/mbient-sdk-x86_64/1.0/sysroots/core2-64-mbient-linux    -o CMakeFiles/cmTC_5fcee.dir/CMakeCXXCompilerABI.cpp.o -c /opt/mbient-sdk-x86_64/1.0/sysroots/x86_64-mbientsdk-linux/usr/share/cmake-3.12/Modules/CMakeCXXCompilerABI.cpp
Linking CXX executable cmTC_5fcee
/opt/mbient-sdk-x86_64/1.0/sysroots/x86_64-mbientsdk-linux/usr/bin/cmake -E cmake_link_script CMakeFiles/cmTC_5fcee.dir/link.txt --verbose=1
/opt/mbient-sdk-x86_64/1.0/sysroots/x86_64-mbientsdk-linux/usr/bin/x86_64-mbient-linux/x86_64-mbient-linux-g++ --sysroot=/opt/mbient-sdk-x86_64/1.0/sysroots/core2-64-mbient-linux   -m64 -march=core2 -mtune=core2 -msse3 -mfpmath=sse  --sysroot=/opt/mbient-sdk-x86_64/1.0/sysroots/core2-64-mbient-linux -m64 -march=core2 -mtune=core2 -msse3 -mfpmath=sse  --sysroot=/opt/mbient-sdk-x86_64/1.0/sysroots/core2-64-mbient-linux    -v CMakeFiles/cmTC_5fcee.dir/CMakeCXXCompilerABI.cpp.o  -o cmTC_5fcee 
Using built-in specs.
COLLECT_GCC=/opt/mbient-sdk-x86_64/1.0/sysroots/x86_64-mbientsdk-linux/usr/bin/x86_64-mbient-linux/x86_64-mbient-linux-g++
COLLECT_LTO_WRAPPER=/opt/mbient-sdk-x86_64/1.0/sysroots/x86_64-mbientsdk-linux/usr/libexec/x86_64-mbient-linux/gcc/x86_64-mbient-linux/8.2.0/lto-wrapper
Target: x86_64-mbient-linux
Configured with: ../../../../../../work-shared/gcc-8.2.0-r0/gcc-8.2.0/configure --build=x86_64-linux --host=x86_64-mbientsdk-linux --target=x86_64-mbient-linux --prefix=/opt/mbient-sdk-x86_64/1.0/sysroots/x86_64-mbientsdk-linux/usr --exec_prefix=/opt/mbient-sdk-x86_64/1.0/sysroots/x86_64-mbientsdk-linux/usr --bindir=/opt/mbient-sdk-x86_64/1.0/sysroots/x86_64-mbientsdk-linux/usr/bin/x86_64-mbient-linux --sbindir=/opt/mbient-sdk-x86_64/1.0/sysroots/x86_64-mbientsdk-linux/usr/bin/x86_64-mbient-linux --libexecdir=/opt/mbient-sdk-x86_64/1.0/sysroots/x86_64-mbientsdk-linux/usr/libexec/x86_64-mbient-linux --datadir=/opt/mbient-sdk-x86_64/1.0/sysroots/x86_64-mbientsdk-linux/usr/share --sysconfdir=/opt/mbient-sdk-x86_64/1.0/sysroots/x86_64-mbientsdk-linux/etc --sharedstatedir=/opt/mbient-sdk-x86_64/1.0/sysroots/x86_64-mbientsdk-linux/com --localstatedir=/opt/mbient-sdk-x86_64/1.0/sysroots/x86_64-mbientsdk-linux/var --libdir=/opt/mbient-sdk-x86_64/1.0/sysroots/x86_64-mbientsdk-linux/usr/lib/x86_64-mbient-linux --includedir=/opt/mbient-sdk-x86_64/1.0/sysroots/x86_64-mbientsdk-linux/usr/include --oldincludedir=/opt/mbient-sdk-x86_64/1.0/sysroots/x86_64-mbientsdk-linux/usr/include --infodir=/opt/mbient-sdk-x86_64/1.0/sysroots/x86_64-mbientsdk-linux/usr/share/info --mandir=/opt/mbient-sdk-x86_64/1.0/sysroots/x86_64-mbientsdk-linux/usr/share/man --disable-silent-rules --disable-dependency-tracking --with-libtool-sysroot=/data/jenkins/workspace/e0_mbient.yocto.mbient-manifests.thud.promote/pelux_yocto/build/tmp/work/x86_64-nativesdk-mbientsdk-linux/gcc-cross-canadian-x86-64/8.2.0-r0/recipe-sysroot --with-gnu-ld --enable-shared --enable-languages=c,c++ --enable-threads=posix --enable-multilib --enable-default-pie --enable-c99 --enable-long-long --enable-symvers=gnu --enable-libstdcxx-pch --program-prefix=x86_64-mbient-linux- --without-local-prefix --enable-lto --disable-libssp --enable-libitm --disable-bootstrap --disable-libmudflap --with-system-zlib --with-linker-hash-style=gnu --enable-linker-build-id --with-ppl=no --with-cloog=no --enable-checking=release --enable-cheaders=c_global --without-isl --with-gxx-include-dir=/not/exist/usr/include/c++/8.2.0 --with-build-time-tools=/data/jenkins/workspace/e0_mbient.yocto.mbient-manifests.thud.promote/pelux_yocto/build/tmp/work/x86_64-nativesdk-mbientsdk-linux/gcc-cross-canadian-x86-64/8.2.0-r0/recipe-sysroot-native/usr/x86_64-mbient-linux/bin --with-sysroot=/not/exist --with-build-sysroot=/data/jenkins/workspace/e0_mbient.yocto.mbient-manifests.thud.promote/pelux_yocto/build/tmp/work/x86_64-nativesdk-mbientsdk-linux/gcc-cross-canadian-x86-64/8.2.0-r0/recipe-sysroot --without-long-double-128 libgcc_cv_powerpc_float128=no --enable-poison-system-directories --disable-static --enable-nls --enable-initfini-array --enable-__cxa_atexit
Thread model: posix
gcc version 8.2.0 (GCC) 
COMPILER_PATH=/opt/mbient-sdk-x86_64/1.0/sysroots/x86_64-mbientsdk-linux/usr/libexec/x86_64-mbient-linux/gcc/x86_64-mbient-linux/8.2.0/:/opt/mbient-sdk-x86_64/1.0/sysroots/x86_64-mbientsdk-linux/usr/libexec/x86_64-mbient-linux/gcc/x86_64-mbient-linux/8.2.0/:/opt/mbient-sdk-x86_64/1.0/sysroots/x86_64-mbientsdk-linux/usr/libexec/x86_64-mbient-linux/gcc/x86_64-mbient-linux/:/opt/mbient-sdk-x86_64/1.0/sysroots/x86_64-mbientsdk-linux/usr/lib/x86_64-mbient-linux/gcc/x86_64-mbient-linux/8.2.0/:/opt/mbient-sdk-x86_64/1.0/sysroots/x86_64-mbientsdk-linux/usr/lib/x86_64-mbient-linux/gcc/x86_64-mbient-linux/
LIBRARY_PATH=/opt/mbient-sdk-x86_64/1.0/sysroots/x86_64-mbientsdk-linux/usr/lib/x86_64-mbient-linux/gcc/x86_64-mbient-linux/8.2.0/:/opt/mbient-sdk-x86_64/1.0/sysroots/core2-64-mbient-linux/lib/../lib/:/opt/mbient-sdk-x86_64/1.0/sysroots/core2-64-mbient-linux/usr/lib/../lib/x86_64-mbient-linux/8.2.0/:/opt/mbient-sdk-x86_64/1.0/sysroots/core2-64-mbient-linux/usr/lib/x86_64-mbient-linux/8.2.0/:/opt/mbient-sdk-x86_64/1.0/sysroots/core2-64-mbient-linux/usr/lib/../lib/:/opt/mbient-sdk-x86_64/1.0/sysroots/core2-64-mbient-linux/lib/:/opt/mbient-sdk-x86_64/1.0/sysroots/core2-64-mbient-linux/usr/lib/
COLLECT_GCC_OPTIONS='--sysroot=/opt/mbient-sdk-x86_64/1.0/sysroots/core2-64-mbient-linux' '-march=core2' '-mtune=core2' '-mfpmath=sse' '-m64' '-march=core2' '-mtune=core2' '-msse3' '-mfpmath=sse' '-v' '-o' 'cmTC_5fcee' '-shared-libgcc'
 /opt/mbient-sdk-x86_64/1.0/sysroots/x86_64-mbientsdk-linux/usr/libexec/x86_64-mbient-linux/gcc/x86_64-mbient-linux/8.2.0/collect2 -plugin /opt/mbient-sdk-x86_64/1.0/sysroots/x86_64-mbientsdk-linux/usr/libexec/x86_64-mbient-linux/gcc/x86_64-mbient-linux/8.2.0/liblto_plugin.so -plugin-opt=/opt/mbient-sdk-x86_64/1.0/sysroots/x86_64-mbientsdk-linux/usr/libexec/x86_64-mbient-linux/gcc/x86_64-mbient-linux/8.2.0/lto-wrapper -plugin-opt=-fresolution=/tmp/cchma6Q3.res -plugin-opt=-pass-through=-lgcc_s -plugin-opt=-pass-through=-lgcc -plugin-opt=-pass-through=-lc -plugin-opt=-pass-through=-lgcc_s -plugin-opt=-pass-through=-lgcc --sysroot=/opt/mbient-sdk-x86_64/1.0/sysroots/core2-64-mbient-linux --build-id --eh-frame-hdr --hash-style=gnu -m elf_x86_64 -dynamic-linker /lib/ld-linux-x86-64.so.2 -pie -o cmTC_5fcee /opt/mbient-sdk-x86_64/1.0/sysroots/core2-64-mbient-linux/usr/lib/../lib/Scrt1.o /opt/mbient-sdk-x86_64/1.0/sysroots/core2-64-mbient-linux/usr/lib/../lib/crti.o /opt/mbient-sdk-x86_64/1.0/sysroots/core2-64-mbient-linux/usr/lib/../lib/x86_64-mbient-linux/8.2.0/crtbeginS.o -L/opt/mbient-sdk-x86_64/1.0/sysroots/x86_64-mbientsdk-linux/usr/lib/x86_64-mbient-linux/gcc/x86_64-mbient-linux/8.2.0 -L/opt/mbient-sdk-x86_64/1.0/sysroots/core2-64-mbient-linux/lib/../lib -L/opt/mbient-sdk-x86_64/1.0/sysroots/core2-64-mbient-linux/usr/lib/../lib/x86_64-mbient-linux/8.2.0 -L/opt/mbient-sdk-x86_64/1.0/sysroots/core2-64-mbient-linux/usr/lib/x86_64-mbient-linux/8.2.0 -L/opt/mbient-sdk-x86_64/1.0/sysroots/core2-64-mbient-linux/usr/lib/../lib -L/opt/mbient-sdk-x86_64/1.0/sysroots/core2-64-mbient-linux/lib -L/opt/mbient-sdk-x86_64/1.0/sysroots/core2-64-mbient-linux/usr/lib CMakeFiles/cmTC_5fcee.dir/CMakeCXXCompilerABI.cpp.o -lstdc++ -lm -lgcc_s -lgcc -lc -lgcc_s -lgcc /opt/mbient-sdk-x86_64/1.0/sysroots/core2-64-mbient-linux/usr/lib/../lib/x86_64-mbient-linux/8.2.0/crtendS.o /opt/mbient-sdk-x86_64/1.0/sysroots/core2-64-mbient-linux/usr/lib/../lib/crtn.o
COLLECT_GCC_OPTIONS='--sysroot=/opt/mbient-sdk-x86_64/1.0/sysroots/core2-64-mbient-linux' '-march=core2' '-mtune=core2' '-mfpmath=sse' '-m64' '-march=core2' '-mtune=core2' '-msse3' '-mfpmath=sse' '-v' '-o' 'cmTC_5fcee' '-shared-libgcc'
make[1]: Leaving directory '/home/avosipov/Desktop/draft/build/CMakeFiles/CMakeTmp'


Parsed CXX implicit link information from above output:
  link line regex: [^( *|.*[/\])(x86_64-mbient-linux-ld|CMAKE_LINK_STARTFILE-NOTFOUND|([^/\]+-)?ld|collect2)[^/\]*( |$)]
  ignore line: [Change Dir: /home/avosipov/Desktop/draft/build/CMakeFiles/CMakeTmp]
  ignore line: []
  ignore line: [Run Build Command:"/usr/bin/make" "cmTC_5fcee/fast"]
  ignore line: [/usr/bin/make -f CMakeFiles/cmTC_5fcee.dir/build.make CMakeFiles/cmTC_5fcee.dir/build]
  ignore line: [make[1]: Entering directory '/home/avosipov/Desktop/draft/build/CMakeFiles/CMakeTmp']
  ignore line: [Building CXX object CMakeFiles/cmTC_5fcee.dir/CMakeCXXCompilerABI.cpp.o]
  ignore line: [/opt/mbient-sdk-x86_64/1.0/sysroots/x86_64-mbientsdk-linux/usr/bin/x86_64-mbient-linux/x86_64-mbient-linux-g++ --sysroot=/opt/mbient-sdk-x86_64/1.0/sysroots/core2-64-mbient-linux    -m64 -march=core2 -mtune=core2 -msse3 -mfpmath=sse  --sysroot=/opt/mbient-sdk-x86_64/1.0/sysroots/core2-64-mbient-linux -m64 -march=core2 -mtune=core2 -msse3 -mfpmath=sse  --sysroot=/opt/mbient-sdk-x86_64/1.0/sysroots/core2-64-mbient-linux    -o CMakeFiles/cmTC_5fcee.dir/CMakeCXXCompilerABI.cpp.o -c /opt/mbient-sdk-x86_64/1.0/sysroots/x86_64-mbientsdk-linux/usr/share/cmake-3.12/Modules/CMakeCXXCompilerABI.cpp]
  ignore line: [Linking CXX executable cmTC_5fcee]
  ignore line: [/opt/mbient-sdk-x86_64/1.0/sysroots/x86_64-mbientsdk-linux/usr/bin/cmake -E cmake_link_script CMakeFiles/cmTC_5fcee.dir/link.txt --verbose=1]
  ignore line: [/opt/mbient-sdk-x86_64/1.0/sysroots/x86_64-mbientsdk-linux/usr/bin/x86_64-mbient-linux/x86_64-mbient-linux-g++ --sysroot=/opt/mbient-sdk-x86_64/1.0/sysroots/core2-64-mbient-linux   -m64 -march=core2 -mtune=core2 -msse3 -mfpmath=sse  --sysroot=/opt/mbient-sdk-x86_64/1.0/sysroots/core2-64-mbient-linux -m64 -march=core2 -mtune=core2 -msse3 -mfpmath=sse  --sysroot=/opt/mbient-sdk-x86_64/1.0/sysroots/core2-64-mbient-linux    -v CMakeFiles/cmTC_5fcee.dir/CMakeCXXCompilerABI.cpp.o  -o cmTC_5fcee ]
  ignore line: [Using built-in specs.]
  ignore line: [COLLECT_GCC=/opt/mbient-sdk-x86_64/1.0/sysroots/x86_64-mbientsdk-linux/usr/bin/x86_64-mbient-linux/x86_64-mbient-linux-g++]
  ignore line: [COLLECT_LTO_WRAPPER=/opt/mbient-sdk-x86_64/1.0/sysroots/x86_64-mbientsdk-linux/usr/libexec/x86_64-mbient-linux/gcc/x86_64-mbient-linux/8.2.0/lto-wrapper]
  ignore line: [Target: x86_64-mbient-linux]
  ignore line: [Configured with: ../../../../../../work-shared/gcc-8.2.0-r0/gcc-8.2.0/configure --build=x86_64-linux --host=x86_64-mbientsdk-linux --target=x86_64-mbient-linux --prefix=/opt/mbient-sdk-x86_64/1.0/sysroots/x86_64-mbientsdk-linux/usr --exec_prefix=/opt/mbient-sdk-x86_64/1.0/sysroots/x86_64-mbientsdk-linux/usr --bindir=/opt/mbient-sdk-x86_64/1.0/sysroots/x86_64-mbientsdk-linux/usr/bin/x86_64-mbient-linux --sbindir=/opt/mbient-sdk-x86_64/1.0/sysroots/x86_64-mbientsdk-linux/usr/bin/x86_64-mbient-linux --libexecdir=/opt/mbient-sdk-x86_64/1.0/sysroots/x86_64-mbientsdk-linux/usr/libexec/x86_64-mbient-linux --datadir=/opt/mbient-sdk-x86_64/1.0/sysroots/x86_64-mbientsdk-linux/usr/share --sysconfdir=/opt/mbient-sdk-x86_64/1.0/sysroots/x86_64-mbientsdk-linux/etc --sharedstatedir=/opt/mbient-sdk-x86_64/1.0/sysroots/x86_64-mbientsdk-linux/com --localstatedir=/opt/mbient-sdk-x86_64/1.0/sysroots/x86_64-mbientsdk-linux/var --libdir=/opt/mbient-sdk-x86_64/1.0/sysroots/x86_64-mbientsdk-linux/usr/lib/x86_64-mbient-linux --includedir=/opt/mbient-sdk-x86_64/1.0/sysroots/x86_64-mbientsdk-linux/usr/include --oldincludedir=/opt/mbient-sdk-x86_64/1.0/sysroots/x86_64-mbientsdk-linux/usr/include --infodir=/opt/mbient-sdk-x86_64/1.0/sysroots/x86_64-mbientsdk-linux/usr/share/info --mandir=/opt/mbient-sdk-x86_64/1.0/sysroots/x86_64-mbientsdk-linux/usr/share/man --disable-silent-rules --disable-dependency-tracking --with-libtool-sysroot=/data/jenkins/workspace/e0_mbient.yocto.mbient-manifests.thud.promote/pelux_yocto/build/tmp/work/x86_64-nativesdk-mbientsdk-linux/gcc-cross-canadian-x86-64/8.2.0-r0/recipe-sysroot --with-gnu-ld --enable-shared --enable-languages=c,c++ --enable-threads=posix --enable-multilib --enable-default-pie --enable-c99 --enable-long-long --enable-symvers=gnu --enable-libstdcxx-pch --program-prefix=x86_64-mbient-linux- --without-local-prefix --enable-lto --disable-libssp --enable-libitm --disable-bootstrap --disable-libmudflap --with-system-zlib --with-linker-hash-style=gnu --enable-linker-build-id --with-ppl=no --with-cloog=no --enable-checking=release --enable-cheaders=c_global --without-isl --with-gxx-include-dir=/not/exist/usr/include/c++/8.2.0 --with-build-time-tools=/data/jenkins/workspace/e0_mbient.yocto.mbient-manifests.thud.promote/pelux_yocto/build/tmp/work/x86_64-nativesdk-mbientsdk-linux/gcc-cross-canadian-x86-64/8.2.0-r0/recipe-sysroot-native/usr/x86_64-mbient-linux/bin --with-sysroot=/not/exist --with-build-sysroot=/data/jenkins/workspace/e0_mbient.yocto.mbient-manifests.thud.promote/pelux_yocto/build/tmp/work/x86_64-nativesdk-mbientsdk-linux/gcc-cross-canadian-x86-64/8.2.0-r0/recipe-sysroot --without-long-double-128 libgcc_cv_powerpc_float128=no --enable-poison-system-directories --disable-static --enable-nls --enable-initfini-array --enable-__cxa_atexit]
  ignore line: [Thread model: posix]
  ignore line: [gcc version 8.2.0 (GCC) ]
  ignore line: [COMPILER_PATH=/opt/mbient-sdk-x86_64/1.0/sysroots/x86_64-mbientsdk-linux/usr/libexec/x86_64-mbient-linux/gcc/x86_64-mbient-linux/8.2.0/:/opt/mbient-sdk-x86_64/1.0/sysroots/x86_64-mbientsdk-linux/usr/libexec/x86_64-mbient-linux/gcc/x86_64-mbient-linux/8.2.0/:/opt/mbient-sdk-x86_64/1.0/sysroots/x86_64-mbientsdk-linux/usr/libexec/x86_64-mbient-linux/gcc/x86_64-mbient-linux/:/opt/mbient-sdk-x86_64/1.0/sysroots/x86_64-mbientsdk-linux/usr/lib/x86_64-mbient-linux/gcc/x86_64-mbient-linux/8.2.0/:/opt/mbient-sdk-x86_64/1.0/sysroots/x86_64-mbientsdk-linux/usr/lib/x86_64-mbient-linux/gcc/x86_64-mbient-linux/]
  ignore line: [LIBRARY_PATH=/opt/mbient-sdk-x86_64/1.0/sysroots/x86_64-mbientsdk-linux/usr/lib/x86_64-mbient-linux/gcc/x86_64-mbient-linux/8.2.0/:/opt/mbient-sdk-x86_64/1.0/sysroots/core2-64-mbient-linux/lib/../lib/:/opt/mbient-sdk-x86_64/1.0/sysroots/core2-64-mbient-linux/usr/lib/../lib/x86_64-mbient-linux/8.2.0/:/opt/mbient-sdk-x86_64/1.0/sysroots/core2-64-mbient-linux/usr/lib/x86_64-mbient-linux/8.2.0/:/opt/mbient-sdk-x86_64/1.0/sysroots/core2-64-mbient-linux/usr/lib/../lib/:/opt/mbient-sdk-x86_64/1.0/sysroots/core2-64-mbient-linux/lib/:/opt/mbient-sdk-x86_64/1.0/sysroots/core2-64-mbient-linux/usr/lib/]
  ignore line: [COLLECT_GCC_OPTIONS='--sysroot=/opt/mbient-sdk-x86_64/1.0/sysroots/core2-64-mbient-linux' '-march=core2' '-mtune=core2' '-mfpmath=sse' '-m64' '-march=core2' '-mtune=core2' '-msse3' '-mfpmath=sse' '-v' '-o' 'cmTC_5fcee' '-shared-libgcc']
  link line: [ /opt/mbient-sdk-x86_64/1.0/sysroots/x86_64-mbientsdk-linux/usr/libexec/x86_64-mbient-linux/gcc/x86_64-mbient-linux/8.2.0/collect2 -plugin /opt/mbient-sdk-x86_64/1.0/sysroots/x86_64-mbientsdk-linux/usr/libexec/x86_64-mbient-linux/gcc/x86_64-mbient-linux/8.2.0/liblto_plugin.so -plugin-opt=/opt/mbient-sdk-x86_64/1.0/sysroots/x86_64-mbientsdk-linux/usr/libexec/x86_64-mbient-linux/gcc/x86_64-mbient-linux/8.2.0/lto-wrapper -plugin-opt=-fresolution=/tmp/cchma6Q3.res -plugin-opt=-pass-through=-lgcc_s -plugin-opt=-pass-through=-lgcc -plugin-opt=-pass-through=-lc -plugin-opt=-pass-through=-lgcc_s -plugin-opt=-pass-through=-lgcc --sysroot=/opt/mbient-sdk-x86_64/1.0/sysroots/core2-64-mbient-linux --build-id --eh-frame-hdr --hash-style=gnu -m elf_x86_64 -dynamic-linker /lib/ld-linux-x86-64.so.2 -pie -o cmTC_5fcee /opt/mbient-sdk-x86_64/1.0/sysroots/core2-64-mbient-linux/usr/lib/../lib/Scrt1.o /opt/mbient-sdk-x86_64/1.0/sysroots/core2-64-mbient-linux/usr/lib/../lib/crti.o /opt/mbient-sdk-x86_64/1.0/sysroots/core2-64-mbient-linux/usr/lib/../lib/x86_64-mbient-linux/8.2.0/crtbeginS.o -L/opt/mbient-sdk-x86_64/1.0/sysroots/x86_64-mbientsdk-linux/usr/lib/x86_64-mbient-linux/gcc/x86_64-mbient-linux/8.2.0 -L/opt/mbient-sdk-x86_64/1.0/sysroots/core2-64-mbient-linux/lib/../lib -L/opt/mbient-sdk-x86_64/1.0/sysroots/core2-64-mbient-linux/usr/lib/../lib/x86_64-mbient-linux/8.2.0 -L/opt/mbient-sdk-x86_64/1.0/sysroots/core2-64-mbient-linux/usr/lib/x86_64-mbient-linux/8.2.0 -L/opt/mbient-sdk-x86_64/1.0/sysroots/core2-64-mbient-linux/usr/lib/../lib -L/opt/mbient-sdk-x86_64/1.0/sysroots/core2-64-mbient-linux/lib -L/opt/mbient-sdk-x86_64/1.0/sysroots/core2-64-mbient-linux/usr/lib CMakeFiles/cmTC_5fcee.dir/CMakeCXXCompilerABI.cpp.o -lstdc++ -lm -lgcc_s -lgcc -lc -lgcc_s -lgcc /opt/mbient-sdk-x86_64/1.0/sysroots/core2-64-mbient-linux/usr/lib/../lib/x86_64-mbient-linux/8.2.0/crtendS.o /opt/mbient-sdk-x86_64/1.0/sysroots/core2-64-mbient-linux/usr/lib/../lib/crtn.o]
    arg [/opt/mbient-sdk-x86_64/1.0/sysroots/x86_64-mbientsdk-linux/usr/libexec/x86_64-mbient-linux/gcc/x86_64-mbient-linux/8.2.0/collect2] ==> ignore
    arg [-plugin] ==> ignore
    arg [/opt/mbient-sdk-x86_64/1.0/sysroots/x86_64-mbientsdk-linux/usr/libexec/x86_64-mbient-linux/gcc/x86_64-mbient-linux/8.2.0/liblto_plugin.so] ==> ignore
    arg [-plugin-opt=/opt/mbient-sdk-x86_64/1.0/sysroots/x86_64-mbientsdk-linux/usr/libexec/x86_64-mbient-linux/gcc/x86_64-mbient-linux/8.2.0/lto-wrapper] ==> ignore
    arg [-plugin-opt=-fresolution=/tmp/cchma6Q3.res] ==> ignore
    arg [-plugin-opt=-pass-through=-lgcc_s] ==> ignore
    arg [-plugin-opt=-pass-through=-lgcc] ==> ignore
    arg [-plugin-opt=-pass-through=-lc] ==> ignore
    arg [-plugin-opt=-pass-through=-lgcc_s] ==> ignore
    arg [-plugin-opt=-pass-through=-lgcc] ==> ignore
    arg [--sysroot=/opt/mbient-sdk-x86_64/1.0/sysroots/core2-64-mbient-linux] ==> ignore
    arg [--build-id] ==> ignore
    arg [--eh-frame-hdr] ==> ignore
    arg [--hash-style=gnu] ==> ignore
    arg [-m] ==> ignore
    arg [elf_x86_64] ==> ignore
    arg [-dynamic-linker] ==> ignore
    arg [/lib/ld-linux-x86-64.so.2] ==> ignore
    arg [-pie] ==> ignore
    arg [-o] ==> ignore
    arg [cmTC_5fcee] ==> ignore
    arg [/opt/mbient-sdk-x86_64/1.0/sysroots/core2-64-mbient-linux/usr/lib/../lib/Scrt1.o] ==> ignore
    arg [/opt/mbient-sdk-x86_64/1.0/sysroots/core2-64-mbient-linux/usr/lib/../lib/crti.o] ==> ignore
    arg [/opt/mbient-sdk-x86_64/1.0/sysroots/core2-64-mbient-linux/usr/lib/../lib/x86_64-mbient-linux/8.2.0/crtbeginS.o] ==> ignore
    arg [-L/opt/mbient-sdk-x86_64/1.0/sysroots/x86_64-mbientsdk-linux/usr/lib/x86_64-mbient-linux/gcc/x86_64-mbient-linux/8.2.0] ==> dir [/opt/mbient-sdk-x86_64/1.0/sysroots/x86_64-mbientsdk-linux/usr/lib/x86_64-mbient-linux/gcc/x86_64-mbient-linux/8.2.0]
    arg [-L/opt/mbient-sdk-x86_64/1.0/sysroots/core2-64-mbient-linux/lib/../lib] ==> dir [/opt/mbient-sdk-x86_64/1.0/sysroots/core2-64-mbient-linux/lib/../lib]
    arg [-L/opt/mbient-sdk-x86_64/1.0/sysroots/core2-64-mbient-linux/usr/lib/../lib/x86_64-mbient-linux/8.2.0] ==> dir [/opt/mbient-sdk-x86_64/1.0/sysroots/core2-64-mbient-linux/usr/lib/../lib/x86_64-mbient-linux/8.2.0]
    arg [-L/opt/mbient-sdk-x86_64/1.0/sysroots/core2-64-mbient-linux/usr/lib/x86_64-mbient-linux/8.2.0] ==> dir [/opt/mbient-sdk-x86_64/1.0/sysroots/core2-64-mbient-linux/usr/lib/x86_64-mbient-linux/8.2.0]
    arg [-L/opt/mbient-sdk-x86_64/1.0/sysroots/core2-64-mbient-linux/usr/lib/../lib] ==> dir [/opt/mbient-sdk-x86_64/1.0/sysroots/core2-64-mbient-linux/usr/lib/../lib]
    arg [-L/opt/mbient-sdk-x86_64/1.0/sysroots/core2-64-mbient-linux/lib] ==> dir [/opt/mbient-sdk-x86_64/1.0/sysroots/core2-64-mbient-linux/lib]
    arg [-L/opt/mbient-sdk-x86_64/1.0/sysroots/core2-64-mbient-linux/usr/lib] ==> dir [/opt/mbient-sdk-x86_64/1.0/sysroots/core2-64-mbient-linux/usr/lib]
    arg [CMakeFiles/cmTC_5fcee.dir/CMakeCXXCompilerABI.cpp.o] ==> ignore
    arg [-lstdc++] ==> lib [stdc++]
    arg [-lm] ==> lib [m]
    arg [-lgcc_s] ==> lib [gcc_s]
    arg [-lgcc] ==> lib [gcc]
    arg [-lc] ==> lib [c]
    arg [-lgcc_s] ==> lib [gcc_s]
    arg [-lgcc] ==> lib [gcc]
    arg [/opt/mbient-sdk-x86_64/1.0/sysroots/core2-64-mbient-linux/usr/lib/../lib/x86_64-mbient-linux/8.2.0/crtendS.o] ==> ignore
    arg [/opt/mbient-sdk-x86_64/1.0/sysroots/core2-64-mbient-linux/usr/lib/../lib/crtn.o] ==> ignore
  collapse library dir [/opt/mbient-sdk-x86_64/1.0/sysroots/x86_64-mbientsdk-linux/usr/lib/x86_64-mbient-linux/gcc/x86_64-mbient-linux/8.2.0] ==> [/opt/mbient-sdk-x86_64/1.0/sysroots/x86_64-mbientsdk-linux/usr/lib/x86_64-mbient-linux/gcc/x86_64-mbient-linux/8.2.0]
  collapse library dir [/opt/mbient-sdk-x86_64/1.0/sysroots/core2-64-mbient-linux/lib/../lib] ==> [/opt/mbient-sdk-x86_64/1.0/sysroots/core2-64-mbient-linux/lib]
  collapse library dir [/opt/mbient-sdk-x86_64/1.0/sysroots/core2-64-mbient-linux/usr/lib/../lib/x86_64-mbient-linux/8.2.0] ==> [/opt/mbient-sdk-x86_64/1.0/sysroots/core2-64-mbient-linux/usr/lib/x86_64-mbient-linux/8.2.0]
  collapse library dir [/opt/mbient-sdk-x86_64/1.0/sysroots/core2-64-mbient-linux/usr/lib/x86_64-mbient-linux/8.2.0] ==> [/opt/mbient-sdk-x86_64/1.0/sysroots/core2-64-mbient-linux/usr/lib/x86_64-mbient-linux/8.2.0]
  collapse library dir [/opt/mbient-sdk-x86_64/1.0/sysroots/core2-64-mbient-linux/usr/lib/../lib] ==> [/opt/mbient-sdk-x86_64/1.0/sysroots/core2-64-mbient-linux/usr/lib]
  collapse library dir [/opt/mbient-sdk-x86_64/1.0/sysroots/core2-64-mbient-linux/lib] ==> [/opt/mbient-sdk-x86_64/1.0/sysroots/core2-64-mbient-linux/lib]
  collapse library dir [/opt/mbient-sdk-x86_64/1.0/sysroots/core2-64-mbient-linux/usr/lib] ==> [/opt/mbient-sdk-x86_64/1.0/sysroots/core2-64-mbient-linux/usr/lib]
  implicit libs: [stdc++;m;gcc_s;gcc;c;gcc_s;gcc]
  implicit dirs: [/opt/mbient-sdk-x86_64/1.0/sysroots/x86_64-mbientsdk-linux/usr/lib/x86_64-mbient-linux/gcc/x86_64-mbient-linux/8.2.0;/opt/mbient-sdk-x86_64/1.0/sysroots/core2-64-mbient-linux/lib;/opt/mbient-sdk-x86_64/1.0/sysroots/core2-64-mbient-linux/usr/lib/x86_64-mbient-linux/8.2.0;/opt/mbient-sdk-x86_64/1.0/sysroots/core2-64-mbient-linux/usr/lib]
  implicit fwks: []




Detecting CXX [-std=c++2a] compiler features compiled with the following output:
Change Dir: /home/avosipov/Desktop/draft/build/CMakeFiles/CMakeTmp

Run Build Command:"/usr/bin/make" "cmTC_49ecc/fast"
/usr/bin/make -f CMakeFiles/cmTC_49ecc.dir/build.make CMakeFiles/cmTC_49ecc.dir/build
make[1]: Entering directory '/home/avosipov/Desktop/draft/build/CMakeFiles/CMakeTmp'
Building CXX object CMakeFiles/cmTC_49ecc.dir/feature_tests.cxx.o
/opt/mbient-sdk-x86_64/1.0/sysroots/x86_64-mbientsdk-linux/usr/bin/x86_64-mbient-linux/x86_64-mbient-linux-g++ --sysroot=/opt/mbient-sdk-x86_64/1.0/sysroots/core2-64-mbient-linux    -m64 -march=core2 -mtune=core2 -msse3 -mfpmath=sse  --sysroot=/opt/mbient-sdk-x86_64/1.0/sysroots/core2-64-mbient-linux -m64 -march=core2 -mtune=core2 -msse3 -mfpmath=sse  --sysroot=/opt/mbient-sdk-x86_64/1.0/sysroots/core2-64-mbient-linux    -std=c++2a -o CMakeFiles/cmTC_49ecc.dir/feature_tests.cxx.o -c /home/avosipov/Desktop/draft/build/CMakeFiles/feature_tests.cxx
Linking CXX executable cmTC_49ecc
/opt/mbient-sdk-x86_64/1.0/sysroots/x86_64-mbientsdk-linux/usr/bin/cmake -E cmake_link_script CMakeFiles/cmTC_49ecc.dir/link.txt --verbose=1
/opt/mbient-sdk-x86_64/1.0/sysroots/x86_64-mbientsdk-linux/usr/bin/x86_64-mbient-linux/x86_64-mbient-linux-g++ --sysroot=/opt/mbient-sdk-x86_64/1.0/sysroots/core2-64-mbient-linux   -m64 -march=core2 -mtune=core2 -msse3 -mfpmath=sse  --sysroot=/opt/mbient-sdk-x86_64/1.0/sysroots/core2-64-mbient-linux -m64 -march=core2 -mtune=core2 -msse3 -mfpmath=sse  --sysroot=/opt/mbient-sdk-x86_64/1.0/sysroots/core2-64-mbient-linux     CMakeFiles/cmTC_49ecc.dir/feature_tests.cxx.o  -o cmTC_49ecc 
make[1]: Leaving directory '/home/avosipov/Desktop/draft/build/CMakeFiles/CMakeTmp'


    Feature record: CXX_FEATURE:1cxx_aggregate_default_initializers
    Feature record: CXX_FEATURE:1cxx_alias_templates
    Feature record: CXX_FEATURE:1cxx_alignas
    Feature record: CXX_FEATURE:1cxx_alignof
    Feature record: CXX_FEATURE:1cxx_attributes
    Feature record: CXX_FEATURE:1cxx_attribute_deprecated
    Feature record: CXX_FEATURE:1cxx_auto_type
    Feature record: CXX_FEATURE:1cxx_binary_literals
    Feature record: CXX_FEATURE:1cxx_constexpr
    Feature record: CXX_FEATURE:1cxx_contextual_conversions
    Feature record: CXX_FEATURE:1cxx_decltype
    Feature record: CXX_FEATURE:1cxx_decltype_auto
    Feature record: CXX_FEATURE:1cxx_decltype_incomplete_return_types
    Feature record: CXX_FEATURE:1cxx_default_function_template_args
    Feature record: CXX_FEATURE:1cxx_defaulted_functions
    Feature record: CXX_FEATURE:1cxx_defaulted_move_initializers
    Feature record: CXX_FEATURE:1cxx_delegating_constructors
    Feature record: CXX_FEATURE:1cxx_deleted_functions
    Feature record: CXX_FEATURE:1cxx_digit_separators
    Feature record: CXX_FEATURE:1cxx_enum_forward_declarations
    Feature record: CXX_FEATURE:1cxx_explicit_conversions
    Feature record: CXX_FEATURE:1cxx_extended_friend_declarations
    Feature record: CXX_FEATURE:1cxx_extern_templates
    Feature record: CXX_FEATURE:1cxx_final
    Feature record: CXX_FEATURE:1cxx_func_identifier
    Feature record: CXX_FEATURE:1cxx_generalized_initializers
    Feature record: CXX_FEATURE:1cxx_generic_lambdas
    Feature record: CXX_FEATURE:1cxx_inheriting_constructors
    Feature record: CXX_FEATURE:1cxx_inline_namespaces
    Feature record: CXX_FEATURE:1cxx_lambdas
    Feature record: CXX_FEATURE:1cxx_lambda_init_captures
    Feature record: CXX_FEATURE:1cxx_local_type_template_args
    Feature record: CXX_FEATURE:1cxx_long_long_type
    Feature record: CXX_FEATURE:1cxx_noexcept
    Feature record: CXX_FEATURE:1cxx_nonstatic_member_init
    Feature record: CXX_FEATURE:1cxx_nullptr
    Feature record: CXX_FEATURE:1cxx_override
    Feature record: CXX_FEATURE:1cxx_range_for
    Feature record: CXX_FEATURE:1cxx_raw_string_literals
    Feature record: CXX_FEATURE:1cxx_reference_qualified_functions
    Feature record: CXX_FEATURE:1cxx_relaxed_constexpr
    Feature record: CXX_FEATURE:1cxx_return_type_deduction
    Feature record: CXX_FEATURE:1cxx_right_angle_brackets
    Feature record: CXX_FEATURE:1cxx_rvalue_references
    Feature record: CXX_FEATURE:1cxx_sizeof_member
    Feature record: CXX_FEATURE:1cxx_static_assert
    Feature record: CXX_FEATURE:1cxx_strong_enums
    Feature record: CXX_FEATURE:1cxx_template_template_parameters
    Feature record: CXX_FEATURE:1cxx_thread_local
    Feature record: CXX_FEATURE:1cxx_trailing_return_types
    Feature record: CXX_FEATURE:1cxx_unicode_literals
    Feature record: CXX_FEATURE:1cxx_uniform_initialization
    Feature record: CXX_FEATURE:1cxx_unrestricted_unions
    Feature record: CXX_FEATURE:1cxx_user_literals
    Feature record: CXX_FEATURE:1cxx_variable_templates
    Feature record: CXX_FEATURE:1cxx_variadic_macros
    Feature record: CXX_FEATURE:1cxx_variadic_templates


Detecting CXX [-std=c++17] compiler features compiled with the following output:
Change Dir: /home/avosipov/Desktop/draft/build/CMakeFiles/CMakeTmp

Run Build Command:"/usr/bin/make" "cmTC_9f24e/fast"
/usr/bin/make -f CMakeFiles/cmTC_9f24e.dir/build.make CMakeFiles/cmTC_9f24e.dir/build
make[1]: Entering directory '/home/avosipov/Desktop/draft/build/CMakeFiles/CMakeTmp'
Building CXX object CMakeFiles/cmTC_9f24e.dir/feature_tests.cxx.o
/opt/mbient-sdk-x86_64/1.0/sysroots/x86_64-mbientsdk-linux/usr/bin/x86_64-mbient-linux/x86_64-mbient-linux-g++ --sysroot=/opt/mbient-sdk-x86_64/1.0/sysroots/core2-64-mbient-linux    -m64 -march=core2 -mtune=core2 -msse3 -mfpmath=sse  --sysroot=/opt/mbient-sdk-x86_64/1.0/sysroots/core2-64-mbient-linux -m64 -march=core2 -mtune=core2 -msse3 -mfpmath=sse  --sysroot=/opt/mbient-sdk-x86_64/1.0/sysroots/core2-64-mbient-linux    -std=c++17 -o CMakeFiles/cmTC_9f24e.dir/feature_tests.cxx.o -c /home/avosipov/Desktop/draft/build/CMakeFiles/feature_tests.cxx
Linking CXX executable cmTC_9f24e
/opt/mbient-sdk-x86_64/1.0/sysroots/x86_64-mbientsdk-linux/usr/bin/cmake -E cmake_link_script CMakeFiles/cmTC_9f24e.dir/link.txt --verbose=1
/opt/mbient-sdk-x86_64/1.0/sysroots/x86_64-mbientsdk-linux/usr/bin/x86_64-mbient-linux/x86_64-mbient-linux-g++ --sysroot=/opt/mbient-sdk-x86_64/1.0/sysroots/core2-64-mbient-linux   -m64 -march=core2 -mtune=core2 -msse3 -mfpmath=sse  --sysroot=/opt/mbient-sdk-x86_64/1.0/sysroots/core2-64-mbient-linux -m64 -march=core2 -mtune=core2 -msse3 -mfpmath=sse  --sysroot=/opt/mbient-sdk-x86_64/1.0/sysroots/core2-64-mbient-linux     CMakeFiles/cmTC_9f24e.dir/feature_tests.cxx.o  -o cmTC_9f24e 
make[1]: Leaving directory '/home/avosipov/Desktop/draft/build/CMakeFiles/CMakeTmp'


    Feature record: CXX_FEATURE:1cxx_aggregate_default_initializers
    Feature record: CXX_FEATURE:1cxx_alias_templates
    Feature record: CXX_FEATURE:1cxx_alignas
    Feature record: CXX_FEATURE:1cxx_alignof
    Feature record: CXX_FEATURE:1cxx_attributes
    Feature record: CXX_FEATURE:1cxx_attribute_deprecated
    Feature record: CXX_FEATURE:1cxx_auto_type
    Feature record: CXX_FEATURE:1cxx_binary_literals
    Feature record: CXX_FEATURE:1cxx_constexpr
    Feature record: CXX_FEATURE:1cxx_contextual_conversions
    Feature record: CXX_FEATURE:1cxx_decltype
    Feature record: CXX_FEATURE:1cxx_decltype_auto
    Feature record: CXX_FEATURE:1cxx_decltype_incomplete_return_types
    Feature record: CXX_FEATURE:1cxx_default_function_template_args
    Feature record: CXX_FEATURE:1cxx_defaulted_functions
    Feature record: CXX_FEATURE:1cxx_defaulted_move_initializers
    Feature record: CXX_FEATURE:1cxx_delegating_constructors
    Feature record: CXX_FEATURE:1cxx_deleted_functions
    Feature record: CXX_FEATURE:1cxx_digit_separators
    Feature record: CXX_FEATURE:1cxx_enum_forward_declarations
    Feature record: CXX_FEATURE:1cxx_explicit_conversions
    Feature record: CXX_FEATURE:1cxx_extended_friend_declarations
    Feature record: CXX_FEATURE:1cxx_extern_templates
    Feature record: CXX_FEATURE:1cxx_final
    Feature record: CXX_FEATURE:1cxx_func_identifier
    Feature record: CXX_FEATURE:1cxx_generalized_initializers
    Feature record: CXX_FEATURE:1cxx_generic_lambdas
    Feature record: CXX_FEATURE:1cxx_inheriting_constructors
    Feature record: CXX_FEATURE:1cxx_inline_namespaces
    Feature record: CXX_FEATURE:1cxx_lambdas
    Feature record: CXX_FEATURE:1cxx_lambda_init_captures
    Feature record: CXX_FEATURE:1cxx_local_type_template_args
    Feature record: CXX_FEATURE:1cxx_long_long_type
    Feature record: CXX_FEATURE:1cxx_noexcept
    Feature record: CXX_FEATURE:1cxx_nonstatic_member_init
    Feature record: CXX_FEATURE:1cxx_nullptr
    Feature record: CXX_FEATURE:1cxx_override
    Feature record: CXX_FEATURE:1cxx_range_for
    Feature record: CXX_FEATURE:1cxx_raw_string_literals
    Feature record: CXX_FEATURE:1cxx_reference_qualified_functions
    Feature record: CXX_FEATURE:1cxx_relaxed_constexpr
    Feature record: CXX_FEATURE:1cxx_return_type_deduction
    Feature record: CXX_FEATURE:1cxx_right_angle_brackets
    Feature record: CXX_FEATURE:1cxx_rvalue_references
    Feature record: CXX_FEATURE:1cxx_sizeof_member
    Feature record: CXX_FEATURE:1cxx_static_assert
    Feature record: CXX_FEATURE:1cxx_strong_enums
    Feature record: CXX_FEATURE:1cxx_template_template_parameters
    Feature record: CXX_FEATURE:1cxx_thread_local
    Feature record: CXX_FEATURE:1cxx_trailing_return_types
    Feature record: CXX_FEATURE:1cxx_unicode_literals
    Feature record: CXX_FEATURE:1cxx_uniform_initialization
    Feature record: CXX_FEATURE:1cxx_unrestricted_unions
    Feature record: CXX_FEATURE:1cxx_user_literals
    Feature record: CXX_FEATURE:1cxx_variable_templates
    Feature record: CXX_FEATURE:1cxx_variadic_macros
    Feature record: CXX_FEATURE:1cxx_variadic_templates


Detecting CXX [-std=c++14] compiler features compiled with the following output:
Change Dir: /home/avosipov/Desktop/draft/build/CMakeFiles/CMakeTmp

Run Build Command:"/usr/bin/make" "cmTC_6010a/fast"
/usr/bin/make -f CMakeFiles/cmTC_6010a.dir/build.make CMakeFiles/cmTC_6010a.dir/build
make[1]: Entering directory '/home/avosipov/Desktop/draft/build/CMakeFiles/CMakeTmp'
Building CXX object CMakeFiles/cmTC_6010a.dir/feature_tests.cxx.o
/opt/mbient-sdk-x86_64/1.0/sysroots/x86_64-mbientsdk-linux/usr/bin/x86_64-mbient-linux/x86_64-mbient-linux-g++ --sysroot=/opt/mbient-sdk-x86_64/1.0/sysroots/core2-64-mbient-linux    -m64 -march=core2 -mtune=core2 -msse3 -mfpmath=sse  --sysroot=/opt/mbient-sdk-x86_64/1.0/sysroots/core2-64-mbient-linux -m64 -march=core2 -mtune=core2 -msse3 -mfpmath=sse  --sysroot=/opt/mbient-sdk-x86_64/1.0/sysroots/core2-64-mbient-linux    -std=c++14 -o CMakeFiles/cmTC_6010a.dir/feature_tests.cxx.o -c /home/avosipov/Desktop/draft/build/CMakeFiles/feature_tests.cxx
Linking CXX executable cmTC_6010a
/opt/mbient-sdk-x86_64/1.0/sysroots/x86_64-mbientsdk-linux/usr/bin/cmake -E cmake_link_script CMakeFiles/cmTC_6010a.dir/link.txt --verbose=1
/opt/mbient-sdk-x86_64/1.0/sysroots/x86_64-mbientsdk-linux/usr/bin/x86_64-mbient-linux/x86_64-mbient-linux-g++ --sysroot=/opt/mbient-sdk-x86_64/1.0/sysroots/core2-64-mbient-linux   -m64 -march=core2 -mtune=core2 -msse3 -mfpmath=sse  --sysroot=/opt/mbient-sdk-x86_64/1.0/sysroots/core2-64-mbient-linux -m64 -march=core2 -mtune=core2 -msse3 -mfpmath=sse  --sysroot=/opt/mbient-sdk-x86_64/1.0/sysroots/core2-64-mbient-linux     CMakeFiles/cmTC_6010a.dir/feature_tests.cxx.o  -o cmTC_6010a 
make[1]: Leaving directory '/home/avosipov/Desktop/draft/build/CMakeFiles/CMakeTmp'


    Feature record: CXX_FEATURE:1cxx_aggregate_default_initializers
    Feature record: CXX_FEATURE:1cxx_alias_templates
    Feature record: CXX_FEATURE:1cxx_alignas
    Feature record: CXX_FEATURE:1cxx_alignof
    Feature record: CXX_FEATURE:1cxx_attributes
    Feature record: CXX_FEATURE:1cxx_attribute_deprecated
    Feature record: CXX_FEATURE:1cxx_auto_type
    Feature record: CXX_FEATURE:1cxx_binary_literals
    Feature record: CXX_FEATURE:1cxx_constexpr
    Feature record: CXX_FEATURE:1cxx_contextual_conversions
    Feature record: CXX_FEATURE:1cxx_decltype
    Feature record: CXX_FEATURE:1cxx_decltype_auto
    Feature record: CXX_FEATURE:1cxx_decltype_incomplete_return_types
    Feature record: CXX_FEATURE:1cxx_default_function_template_args
    Feature record: CXX_FEATURE:1cxx_defaulted_functions
    Feature record: CXX_FEATURE:1cxx_defaulted_move_initializers
    Feature record: CXX_FEATURE:1cxx_delegating_constructors
    Feature record: CXX_FEATURE:1cxx_deleted_functions
    Feature record: CXX_FEATURE:1cxx_digit_separators
    Feature record: CXX_FEATURE:1cxx_enum_forward_declarations
    Feature record: CXX_FEATURE:1cxx_explicit_conversions
    Feature record: CXX_FEATURE:1cxx_extended_friend_declarations
    Feature record: CXX_FEATURE:1cxx_extern_templates
    Feature record: CXX_FEATURE:1cxx_final
    Feature record: CXX_FEATURE:1cxx_func_identifier
    Feature record: CXX_FEATURE:1cxx_generalized_initializers
    Feature record: CXX_FEATURE:1cxx_generic_lambdas
    Feature record: CXX_FEATURE:1cxx_inheriting_constructors
    Feature record: CXX_FEATURE:1cxx_inline_namespaces
    Feature record: CXX_FEATURE:1cxx_lambdas
    Feature record: CXX_FEATURE:1cxx_lambda_init_captures
    Feature record: CXX_FEATURE:1cxx_local_type_template_args
    Feature record: CXX_FEATURE:1cxx_long_long_type
    Feature record: CXX_FEATURE:1cxx_noexcept
    Feature record: CXX_FEATURE:1cxx_nonstatic_member_init
    Feature record: CXX_FEATURE:1cxx_nullptr
    Feature record: CXX_FEATURE:1cxx_override
    Feature record: CXX_FEATURE:1cxx_range_for
    Feature record: CXX_FEATURE:1cxx_raw_string_literals
    Feature record: CXX_FEATURE:1cxx_reference_qualified_functions
    Feature record: CXX_FEATURE:1cxx_relaxed_constexpr
    Feature record: CXX_FEATURE:1cxx_return_type_deduction
    Feature record: CXX_FEATURE:1cxx_right_angle_brackets
    Feature record: CXX_FEATURE:1cxx_rvalue_references
    Feature record: CXX_FEATURE:1cxx_sizeof_member
    Feature record: CXX_FEATURE:1cxx_static_assert
    Feature record: CXX_FEATURE:1cxx_strong_enums
    Feature record: CXX_FEATURE:1cxx_template_template_parameters
    Feature record: CXX_FEATURE:1cxx_thread_local
    Feature record: CXX_FEATURE:1cxx_trailing_return_types
    Feature record: CXX_FEATURE:1cxx_unicode_literals
    Feature record: CXX_FEATURE:1cxx_uniform_initialization
    Feature record: CXX_FEATURE:1cxx_unrestricted_unions
    Feature record: CXX_FEATURE:1cxx_user_literals
    Feature record: CXX_FEATURE:1cxx_variable_templates
    Feature record: CXX_FEATURE:1cxx_variadic_macros
    Feature record: CXX_FEATURE:1cxx_variadic_templates


Detecting CXX [-std=c++11] compiler features compiled with the following output:
Change Dir: /home/avosipov/Desktop/draft/build/CMakeFiles/CMakeTmp

Run Build Command:"/usr/bin/make" "cmTC_04ebf/fast"
/usr/bin/make -f CMakeFiles/cmTC_04ebf.dir/build.make CMakeFiles/cmTC_04ebf.dir/build
make[1]: Entering directory '/home/avosipov/Desktop/draft/build/CMakeFiles/CMakeTmp'
Building CXX object CMakeFiles/cmTC_04ebf.dir/feature_tests.cxx.o
/opt/mbient-sdk-x86_64/1.0/sysroots/x86_64-mbientsdk-linux/usr/bin/x86_64-mbient-linux/x86_64-mbient-linux-g++ --sysroot=/opt/mbient-sdk-x86_64/1.0/sysroots/core2-64-mbient-linux    -m64 -march=core2 -mtune=core2 -msse3 -mfpmath=sse  --sysroot=/opt/mbient-sdk-x86_64/1.0/sysroots/core2-64-mbient-linux -m64 -march=core2 -mtune=core2 -msse3 -mfpmath=sse  --sysroot=/opt/mbient-sdk-x86_64/1.0/sysroots/core2-64-mbient-linux    -std=c++11 -o CMakeFiles/cmTC_04ebf.dir/feature_tests.cxx.o -c /home/avosipov/Desktop/draft/build/CMakeFiles/feature_tests.cxx
Linking CXX executable cmTC_04ebf
/opt/mbient-sdk-x86_64/1.0/sysroots/x86_64-mbientsdk-linux/usr/bin/cmake -E cmake_link_script CMakeFiles/cmTC_04ebf.dir/link.txt --verbose=1
/opt/mbient-sdk-x86_64/1.0/sysroots/x86_64-mbientsdk-linux/usr/bin/x86_64-mbient-linux/x86_64-mbient-linux-g++ --sysroot=/opt/mbient-sdk-x86_64/1.0/sysroots/core2-64-mbient-linux   -m64 -march=core2 -mtune=core2 -msse3 -mfpmath=sse  --sysroot=/opt/mbient-sdk-x86_64/1.0/sysroots/core2-64-mbient-linux -m64 -march=core2 -mtune=core2 -msse3 -mfpmath=sse  --sysroot=/opt/mbient-sdk-x86_64/1.0/sysroots/core2-64-mbient-linux     CMakeFiles/cmTC_04ebf.dir/feature_tests.cxx.o  -o cmTC_04ebf 
make[1]: Leaving directory '/home/avosipov/Desktop/draft/build/CMakeFiles/CMakeTmp'


    Feature record: CXX_FEATURE:0cxx_aggregate_default_initializers
    Feature record: CXX_FEATURE:1cxx_alias_templates
    Feature record: CXX_FEATURE:1cxx_alignas
    Feature record: CXX_FEATURE:1cxx_alignof
    Feature record: CXX_FEATURE:1cxx_attributes
    Feature record: CXX_FEATURE:0cxx_attribute_deprecated
    Feature record: CXX_FEATURE:1cxx_auto_type
    Feature record: CXX_FEATURE:0cxx_binary_literals
    Feature record: CXX_FEATURE:1cxx_constexpr
    Feature record: CXX_FEATURE:0cxx_contextual_conversions
    Feature record: CXX_FEATURE:1cxx_decltype
    Feature record: CXX_FEATURE:0cxx_decltype_auto
    Feature record: CXX_FEATURE:1cxx_decltype_incomplete_return_types
    Feature record: CXX_FEATURE:1cxx_default_function_template_args
    Feature record: CXX_FEATURE:1cxx_defaulted_functions
    Feature record: CXX_FEATURE:1cxx_defaulted_move_initializers
    Feature record: CXX_FEATURE:1cxx_delegating_constructors
    Feature record: CXX_FEATURE:1cxx_deleted_functions
    Feature record: CXX_FEATURE:0cxx_digit_separators
    Feature record: CXX_FEATURE:1cxx_enum_forward_declarations
    Feature record: CXX_FEATURE:1cxx_explicit_conversions
    Feature record: CXX_FEATURE:1cxx_extended_friend_declarations
    Feature record: CXX_FEATURE:1cxx_extern_templates
    Feature record: CXX_FEATURE:1cxx_final
    Feature record: CXX_FEATURE:1cxx_func_identifier
    Feature record: CXX_FEATURE:1cxx_generalized_initializers
    Feature record: CXX_FEATURE:0cxx_generic_lambdas
    Feature record: CXX_FEATURE:1cxx_inheriting_constructors
    Feature record: CXX_FEATURE:1cxx_inline_namespaces
    Feature record: CXX_FEATURE:1cxx_lambdas
    Feature record: CXX_FEATURE:0cxx_lambda_init_captures
    Feature record: CXX_FEATURE:1cxx_local_type_template_args
    Feature record: CXX_FEATURE:1cxx_long_long_type
    Feature record: CXX_FEATURE:1cxx_noexcept
    Feature record: CXX_FEATURE:1cxx_nonstatic_member_init
    Feature record: CXX_FEATURE:1cxx_nullptr
    Feature record: CXX_FEATURE:1cxx_override
    Feature record: CXX_FEATURE:1cxx_range_for
    Feature record: CXX_FEATURE:1cxx_raw_string_literals
    Feature record: CXX_FEATURE:1cxx_reference_qualified_functions
    Feature record: CXX_FEATURE:0cxx_relaxed_constexpr
    Feature record: CXX_FEATURE:0cxx_return_type_deduction
    Feature record: CXX_FEATURE:1cxx_right_angle_brackets
    Feature record: CXX_FEATURE:1cxx_rvalue_references
    Feature record: CXX_FEATURE:1cxx_sizeof_member
    Feature record: CXX_FEATURE:1cxx_static_assert
    Feature record: CXX_FEATURE:1cxx_strong_enums
    Feature record: CXX_FEATURE:1cxx_template_template_parameters
    Feature record: CXX_FEATURE:1cxx_thread_local
    Feature record: CXX_FEATURE:1cxx_trailing_return_types
    Feature record: CXX_FEATURE:1cxx_unicode_literals
    Feature record: CXX_FEATURE:1cxx_uniform_initialization
    Feature record: CXX_FEATURE:1cxx_unrestricted_unions
    Feature record: CXX_FEATURE:1cxx_user_literals
    Feature record: CXX_FEATURE:0cxx_variable_templates
    Feature record: CXX_FEATURE:1cxx_variadic_macros
    Feature record: CXX_FEATURE:1cxx_variadic_templates


Detecting CXX [-std=c++98] compiler features compiled with the following output:
Change Dir: /home/avosipov/Desktop/draft/build/CMakeFiles/CMakeTmp

Run Build Command:"/usr/bin/make" "cmTC_99d24/fast"
/usr/bin/make -f CMakeFiles/cmTC_99d24.dir/build.make CMakeFiles/cmTC_99d24.dir/build
make[1]: Entering directory '/home/avosipov/Desktop/draft/build/CMakeFiles/CMakeTmp'
Building CXX object CMakeFiles/cmTC_99d24.dir/feature_tests.cxx.o
/opt/mbient-sdk-x86_64/1.0/sysroots/x86_64-mbientsdk-linux/usr/bin/x86_64-mbient-linux/x86_64-mbient-linux-g++ --sysroot=/opt/mbient-sdk-x86_64/1.0/sysroots/core2-64-mbient-linux    -m64 -march=core2 -mtune=core2 -msse3 -mfpmath=sse  --sysroot=/opt/mbient-sdk-x86_64/1.0/sysroots/core2-64-mbient-linux -m64 -march=core2 -mtune=core2 -msse3 -mfpmath=sse  --sysroot=/opt/mbient-sdk-x86_64/1.0/sysroots/core2-64-mbient-linux    -std=c++98 -o CMakeFiles/cmTC_99d24.dir/feature_tests.cxx.o -c /home/avosipov/Desktop/draft/build/CMakeFiles/feature_tests.cxx
Linking CXX executable cmTC_99d24
/opt/mbient-sdk-x86_64/1.0/sysroots/x86_64-mbientsdk-linux/usr/bin/cmake -E cmake_link_script CMakeFiles/cmTC_99d24.dir/link.txt --verbose=1
/opt/mbient-sdk-x86_64/1.0/sysroots/x86_64-mbientsdk-linux/usr/bin/x86_64-mbient-linux/x86_64-mbient-linux-g++ --sysroot=/opt/mbient-sdk-x86_64/1.0/sysroots/core2-64-mbient-linux   -m64 -march=core2 -mtune=core2 -msse3 -mfpmath=sse  --sysroot=/opt/mbient-sdk-x86_64/1.0/sysroots/core2-64-mbient-linux -m64 -march=core2 -mtune=core2 -msse3 -mfpmath=sse  --sysroot=/opt/mbient-sdk-x86_64/1.0/sysroots/core2-64-mbient-linux     CMakeFiles/cmTC_99d24.dir/feature_tests.cxx.o  -o cmTC_99d24 
make[1]: Leaving directory '/home/avosipov/Desktop/draft/build/CMakeFiles/CMakeTmp'


    Feature record: CXX_FEATURE:0cxx_aggregate_default_initializers
    Feature record: CXX_FEATURE:0cxx_alias_templates
    Feature record: CXX_FEATURE:0cxx_alignas
    Feature record: CXX_FEATURE:0cxx_alignof
    Feature record: CXX_FEATURE:0cxx_attributes
    Feature record: CXX_FEATURE:0cxx_attribute_deprecated
    Feature record: CXX_FEATURE:0cxx_auto_type
    Feature record: CXX_FEATURE:0cxx_binary_literals
    Feature record: CXX_FEATURE:0cxx_constexpr
    Feature record: CXX_FEATURE:0cxx_contextual_conversions
    Feature record: CXX_FEATURE:0cxx_decltype
    Feature record: CXX_FEATURE:0cxx_decltype_auto
    Feature record: CXX_FEATURE:0cxx_decltype_incomplete_return_types
    Feature record: CXX_FEATURE:0cxx_default_function_template_args
    Feature record: CXX_FEATURE:0cxx_defaulted_functions
    Feature record: CXX_FEATURE:0cxx_defaulted_move_initializers
    Feature record: CXX_FEATURE:0cxx_delegating_constructors
    Feature record: CXX_FEATURE:0cxx_deleted_functions
    Feature record: CXX_FEATURE:0cxx_digit_separators
    Feature record: CXX_FEATURE:0cxx_enum_forward_declarations
    Feature record: CXX_FEATURE:0cxx_explicit_conversions
    Feature record: CXX_FEATURE:0cxx_extended_friend_declarations
    Feature record: CXX_FEATURE:0cxx_extern_templates
    Feature record: CXX_FEATURE:0cxx_final
    Feature record: CXX_FEATURE:0cxx_func_identifier
    Feature record: CXX_FEATURE:0cxx_generalized_initializers
    Feature record: CXX_FEATURE:0cxx_generic_lambdas
    Feature record: CXX_FEATURE:0cxx_inheriting_constructors
    Feature record: CXX_FEATURE:0cxx_inline_namespaces
    Feature record: CXX_FEATURE:0cxx_lambdas
    Feature record: CXX_FEATURE:0cxx_lambda_init_captures
    Feature record: CXX_FEATURE:0cxx_local_type_template_args
    Feature record: CXX_FEATURE:0cxx_long_long_type
    Feature record: CXX_FEATURE:0cxx_noexcept
    Feature record: CXX_FEATURE:0cxx_nonstatic_member_init
    Feature record: CXX_FEATURE:0cxx_nullptr
    Feature record: CXX_FEATURE:0cxx_override
    Feature record: CXX_FEATURE:0cxx_range_for
    Feature record: CXX_FEATURE:0cxx_raw_string_literals
    Feature record: CXX_FEATURE:0cxx_reference_qualified_functions
    Feature record: CXX_FEATURE:0cxx_relaxed_constexpr
    Feature record: CXX_FEATURE:0cxx_return_type_deduction
    Feature record: CXX_FEATURE:0cxx_right_angle_brackets
    Feature record: CXX_FEATURE:0cxx_rvalue_references
    Feature record: CXX_FEATURE:0cxx_sizeof_member
    Feature record: CXX_FEATURE:0cxx_static_assert
    Feature record: CXX_FEATURE:0cxx_strong_enums
    Feature record: CXX_FEATURE:1cxx_template_template_parameters
    Feature record: CXX_FEATURE:0cxx_thread_local
    Feature record: CXX_FEATURE:0cxx_trailing_return_types
    Feature record: CXX_FEATURE:0cxx_unicode_literals
    Feature record: CXX_FEATURE:0cxx_uniform_initialization
    Feature record: CXX_FEATURE:0cxx_unrestricted_unions
    Feature record: CXX_FEATURE:0cxx_user_literals
    Feature record: CXX_FEATURE:0cxx_variable_templates
    Feature record: CXX_FEATURE:0cxx_variadic_macros
    Feature record: CXX_FEATURE:0cxx_variadic_templates
The target system is: Linux -  - 
The host system is: Linux - 5.4.0-42-generic - x86_64
